Using pre-set license
Built from '2021.3/staging' branch; Version is '2021.3.10f1 (1c7d0df0160b) revision 1867021'; Using compiler version '192829333'; Build Type 'Release'
OS: 'Windows 10  (10.0.19044) 64bit Core' Language: 'en' Physical Memory: 15776 MB
BatchMode: 1, IsHumanControllingUs: 0, StartBugReporterOnCrash: 0, Is64bit: 1, IsPro: 1

COMMAND LINE ARGUMENTS:
C:\Program Files\Unity\Hub\Editor\2021.3.10f1\Editor\Unity.exe
-adb2
-batchMode
-noUpm
-name
AssetImportWorker2
-projectPath
C:/Users/johne/Documents/GitHub Repos/HyperStars/HyperStars
-logFile
Logs/AssetImportWorker2.log
-srvPort
58021
Successfully changed project path to: C:/Users/johne/Documents/GitHub Repos/HyperStars/HyperStars
C:/Users/johne/Documents/GitHub Repos/HyperStars/HyperStars
[UnityMemory] Configuration Parameters - Can be set up in boot.config
    "memorysetup-bucket-allocator-granularity=16"
    "memorysetup-bucket-allocator-bucket-count=8"
    "memorysetup-bucket-allocator-block-size=33554432"
    "memorysetup-bucket-allocator-block-count=8"
    "memorysetup-main-allocator-block-size=16777216"
    "memorysetup-thread-allocator-block-size=16777216"
    "memorysetup-gfx-main-allocator-block-size=16777216"
    "memorysetup-gfx-thread-allocator-block-size=16777216"
    "memorysetup-cache-allocator-block-size=4194304"
    "memorysetup-typetree-allocator-block-size=2097152"
    "memorysetup-profiler-bucket-allocator-granularity=16"
    "memorysetup-profiler-bucket-allocator-bucket-count=8"
    "memorysetup-profiler-bucket-allocator-block-size=33554432"
    "memorysetup-profiler-bucket-allocator-block-count=8"
    "memorysetup-profiler-allocator-block-size=16777216"
    "memorysetup-profiler-editor-allocator-block-size=1048576"
    "memorysetup-temp-allocator-size-main=16777216"
    "memorysetup-job-temp-allocator-block-size=2097152"
    "memorysetup-job-temp-allocator-block-size-background=1048576"
    "memorysetup-job-temp-allocator-reduction-small-platforms=262144"
    "memorysetup-temp-allocator-size-background-worker=32768"
    "memorysetup-temp-allocator-size-job-worker=262144"
    "memorysetup-temp-allocator-size-preload-manager=33554432"
    "memorysetup-temp-allocator-size-nav-mesh-worker=65536"
    "memorysetup-temp-allocator-size-audio-worker=65536"
    "memorysetup-temp-allocator-size-cloud-worker=32768"
    "memorysetup-temp-allocator-size-gi-baking-worker=262144"
    "memorysetup-temp-allocator-size-gfx=262144"
Refreshing native plugins compatible for Editor in 154.43 ms, found 4 plugins.
Preloading 0 native plugins for Editor in 0.00 ms.
Initialize engine version: 2021.3.10f1 (1c7d0df0160b)
[Subsystems] Discovering subsystems at path C:/Program Files/Unity/Hub/Editor/2021.3.10f1/Editor/Data/Resources/UnitySubsystems
[Subsystems] Discovering subsystems at path C:/Users/johne/Documents/GitHub Repos/HyperStars/HyperStars/Assets
GfxDevice: creating device client; threaded=0; jobified=0
Direct3D:
    Version:  Direct3D 11.0 [level 11.1]
    Renderer: NVIDIA GeForce RTX 3070 Laptop GPU (ID=0x249d)
    Vendor:   NVIDIA
    VRAM:     8044 MB
    Driver:   31.0.15.1659
Initialize mono
Mono path[0] = 'C:/Program Files/Unity/Hub/Editor/2021.3.10f1/Editor/Data/Managed'
Mono path[1] = 'C:/Program Files/Unity/Hub/Editor/2021.3.10f1/Editor/Data/MonoBleedingEdge/lib/mono/unityjit-win32'
Mono config path = 'C:/Program Files/Unity/Hub/Editor/2021.3.10f1/Editor/Data/MonoBleedingEdge/etc'
Using monoOptions --debugger-agent=transport=dt_socket,embedding=1,server=y,suspend=n,address=127.0.0.1:56096
Begin MonoManager ReloadAssembly
Registering precompiled unity dll's ...
Register platform support module: C:/Program Files/Unity/Hub/Editor/2021.3.10f1/Editor/Data/PlaybackEngines/WebGLSupport/UnityEditor.WebGL.Extensions.dll
Register platform support module: C:/Program Files/Unity/Hub/Editor/2021.3.10f1/Editor/Data/PlaybackEngines/WindowsStandaloneSupport/UnityEditor.WindowsStandalone.Extensions.dll
Registered in 0.011196 seconds.
Native extension for WindowsStandalone target not found
Native extension for WebGL target not found
Refreshing native plugins compatible for Editor in 102.22 ms, found 4 plugins.
Preloading 0 native plugins for Editor in 0.00 ms.
Mono: successfully reloaded assembly
- Completed reload, in  0.817 seconds
Domain Reload Profiling:
	ReloadAssembly (818ms)
		BeginReloadAssembly (134ms)
			ExecutionOrderSort (0ms)
			DisableScriptedObjects (0ms)
			BackupInstance (0ms)
			ReleaseScriptingObjects (0ms)
			CreateAndSetChildDomain (1ms)
		EndReloadAssembly (550ms)
			LoadAssemblies (128ms)
			RebuildTransferFunctionScriptingTraits (0ms)
			SetupTypeCache (117ms)
			ReleaseScriptCaches (0ms)
			RebuildScriptCaches (31ms)
			SetupLoadedEditorAssemblies (339ms)
				LogAssemblyErrors (0ms)
				InitializePlatformSupportModulesInManaged (11ms)
				SetLoadedEditorAssemblies (0ms)
				RefreshPlugins (102ms)
				BeforeProcessingInitializeOnLoad (1ms)
				ProcessInitializeOnLoadAttributes (170ms)
				ProcessInitializeOnLoadMethodAttributes (54ms)
				AfterProcessingInitializeOnLoad (0ms)
				EditorAssembliesLoaded (0ms)
			ExecutionOrderSort2 (0ms)
			AwakeInstancesAfterBackupRestoration (0ms)
Platform modules already initialized, skipping
Registering precompiled user dll's ...
Registered in 0.023437 seconds.
Begin MonoManager ReloadAssembly
Native extension for WindowsStandalone target not found
Native extension for WebGL target not found
Refreshing native plugins compatible for Editor in 104.51 ms, found 4 plugins.
Preloading 0 native plugins for Editor in 0.00 ms.
DisplayProgressbar: Populating Wwise Picker
Mono: successfully reloaded assembly
- Completed reload, in  2.068 seconds
Domain Reload Profiling:
	ReloadAssembly (2069ms)
		BeginReloadAssembly (183ms)
			ExecutionOrderSort (0ms)
			DisableScriptedObjects (6ms)
			BackupInstance (0ms)
			ReleaseScriptingObjects (0ms)
			CreateAndSetChildDomain (26ms)
		EndReloadAssembly (1730ms)
			LoadAssemblies (229ms)
			RebuildTransferFunctionScriptingTraits (0ms)
			SetupTypeCache (344ms)
			ReleaseScriptCaches (1ms)
			RebuildScriptCaches (92ms)
			SetupLoadedEditorAssemblies (1052ms)
				LogAssemblyErrors (0ms)
				InitializePlatformSupportModulesInManaged (7ms)
				SetLoadedEditorAssemblies (0ms)
				RefreshPlugins (105ms)
				BeforeProcessingInitializeOnLoad (138ms)
				ProcessInitializeOnLoadAttributes (661ms)
				ProcessInitializeOnLoadMethodAttributes (130ms)
				AfterProcessingInitializeOnLoad (10ms)
				EditorAssembliesLoaded (0ms)
			ExecutionOrderSort2 (0ms)
			AwakeInstancesAfterBackupRestoration (9ms)
Platform modules already initialized, skipping
========================================================================
Worker process is ready to serve import requests
Launched and connected shader compiler UnityShaderCompiler.exe after 0.06 seconds
Refreshing native plugins compatible for Editor in 1.60 ms, found 4 plugins.
Preloading 0 native plugins for Editor in 0.00 ms.
Unloading 5233 Unused Serialized files (Serialized files now loaded: 0)
Unloading 93 unused Assets / (1.4 MB). Loaded Objects now: 5650.
Memory consumption went from 218.7 MB to 217.3 MB.
Total: 6.617700 ms (FindLiveObjects: 0.415800 ms CreateObjectMapping: 0.166600 ms MarkObjects: 5.525100 ms  DeleteObjects: 0.508600 ms)

AssetImportParameters requested are different than current active one (requested -> active):
  custom:video-decoder-ogg-theora: a1e56fd34408186e4bbccfd4996cb3dc -> 
  custom:container-muxer-webm: aa71ff27fc2769a1b78a27578f13a17b -> 
  custom:container-demuxer-webm: 4f35f7cbe854078d1ac9338744f61a02 -> 
  custom:video-encoder-webm-vp8: eb34c28f22e8b96e1ab97ce403110664 -> 
  custom:video-codec-MediaFoundation-h265: 746d11721c4dcdbdad8f713fa42b33f4 -> 
  custom:audio-encoder-webm-vorbis: bf7c407c2cedff20999df2af8eb42d56 -> 
  custom:framework-win-MediaFoundation: 216162199b28c13a410421893ffa2e32 -> 
  custom:container-demuxer-ogg: 62fdf1f143b41e24485cea50d1cbac27 -> 
  custom:video-decoder-webm-vp8: 9c59270c3fd7afecdb556c50c9e8de78 -> 
  custom:audio-decoder-ogg-vorbis: bf7c407c2cedff20999df2af8eb42d56 -> 
========================================================================
Received Import Request.
  Time since last request: 154607.822749 seconds.
  path: Assets/Characters/N_Lisa/NormalAttacks
  artifactKey: Guid(026588eb0f358c047a63d4a6fa2b1ea6) Importer(815301076,1909f56bfc062723c751e8b465ee728b)
Start importing Assets/Characters/N_Lisa/NormalAttacks using Guid(026588eb0f358c047a63d4a6fa2b1ea6) Importer(815301076,1909f56bfc062723c751e8b465ee728b)  -> (artifact id: 'fc5ae4e4841c2126db3bebeb161e3e74') in 0.014946 seconds 
========================================================================
Received Import Request.
  Time since last request: 6.785026 seconds.
  path: Assets/Characters/N_Lisa/NormalAttacks/GroundCombo
  artifactKey: Guid(57cc49c98f0614244ac9932ab1556ee9) Importer(815301076,1909f56bfc062723c751e8b465ee728b)
Start importing Assets/Characters/N_Lisa/NormalAttacks/GroundCombo using Guid(57cc49c98f0614244ac9932ab1556ee9) Importer(815301076,1909f56bfc062723c751e8b465ee728b)  -> (artifact id: '368a319bdd6d442bc1b5c2731e007c5b') in 0.004557 seconds 
========================================================================
Received Import Request.
  Time since last request: 332.261481 seconds.
  path: Assets/Characters/N_Lisa/NormalAttacks/GroundCombo/lisa_normal_combo0.png
  artifactKey: Guid(6b557d28d8f8c474c94ad14be4c17db4) Importer(815301076,1909f56bfc062723c751e8b465ee728b)
Start importing Assets/Characters/N_Lisa/NormalAttacks/GroundCombo/lisa_normal_combo0.png using Guid(6b557d28d8f8c474c94ad14be4c17db4) Importer(815301076,1909f56bfc062723c751e8b465ee728b)  -> (artifact id: '698b011cda2b520196b319462a82df40') in 0.431136 seconds 
========================================================================
Received Import Request.
  Time since last request: 0.000037 seconds.
  path: Assets/Characters/N_Lisa/NormalAttacks/GroundCombo/lisa_normal_combo48.png
  artifactKey: Guid(e1b252833b05bed41809e5b9eb3d3ee3) Importer(815301076,1909f56bfc062723c751e8b465ee728b)
Start importing Assets/Characters/N_Lisa/NormalAttacks/GroundCombo/lisa_normal_combo48.png using Guid(e1b252833b05bed41809e5b9eb3d3ee3) Importer(815301076,1909f56bfc062723c751e8b465ee728b)  -> (artifact id: '9aa00b525d53807e9a0b938ca08c68e6') in 0.227074 seconds 
========================================================================
Received Import Request.
  Time since last request: 0.000043 seconds.
  path: Assets/Characters/N_Lisa/NormalAttacks/GroundCombo/lisa_normal_combo3.png
  artifactKey: Guid(50ceb3665e7f61e4d994811832555873) Importer(815301076,1909f56bfc062723c751e8b465ee728b)
Start importing Assets/Characters/N_Lisa/NormalAttacks/GroundCombo/lisa_normal_combo3.png using Guid(50ceb3665e7f61e4d994811832555873) Importer(815301076,1909f56bfc062723c751e8b465ee728b)  -> (artifact id: '31806694842f334474ae7e539953fc4f') in 0.233900 seconds 
========================================================================
Received Import Request.
  Time since last request: 0.000033 seconds.
  path: Assets/Characters/N_Lisa/NormalAttacks/GroundCombo/lisa_normal_combo44.png
  artifactKey: Guid(9789e3db599e3164d8283cbb118b7e7f) Importer(815301076,1909f56bfc062723c751e8b465ee728b)
Start importing Assets/Characters/N_Lisa/NormalAttacks/GroundCombo/lisa_normal_combo44.png using Guid(9789e3db599e3164d8283cbb118b7e7f) Importer(815301076,1909f56bfc062723c751e8b465ee728b)  -> (artifact id: 'cf27e3273af47bb63db309e4bc35d0ce') in 0.235625 seconds 
========================================================================
Received Import Request.
  Time since last request: 0.000037 seconds.
  path: Assets/Characters/N_Lisa/NormalAttacks/GroundCombo/lisa_normal_combo50.png
  artifactKey: Guid(ddaa1aa7c4d2b0642a0f3082bed48dac) Importer(815301076,1909f56bfc062723c751e8b465ee728b)
Start importing Assets/Characters/N_Lisa/NormalAttacks/GroundCombo/lisa_normal_combo50.png using Guid(ddaa1aa7c4d2b0642a0f3082bed48dac) Importer(815301076,1909f56bfc062723c751e8b465ee728b)  -> (artifact id: '5dbdf3d3f198d2c0365462989275c967') in 0.225137 seconds 
========================================================================
Received Import Request.
  Time since last request: 0.000031 seconds.
  path: Assets/Characters/N_Lisa/NormalAttacks/GroundCombo/lisa_normal_combo9.png
  artifactKey: Guid(54b512704bc85914ba9be4a70283da00) Importer(815301076,1909f56bfc062723c751e8b465ee728b)
Start importing Assets/Characters/N_Lisa/NormalAttacks/GroundCombo/lisa_normal_combo9.png using Guid(54b512704bc85914ba9be4a70283da00) Importer(815301076,1909f56bfc062723c751e8b465ee728b)  -> (artifact id: '67515a8e483b34af4fce19da67cd8902') in 0.267514 seconds 
========================================================================
Received Import Request.
  Time since last request: 0.000054 seconds.
  path: Assets/Characters/N_Lisa/NormalAttacks/GroundCombo/lisa_normal_combo12.png
  artifactKey: Guid(f6c0ca564eb77bb4db5dc59150eb25b3) Importer(815301076,1909f56bfc062723c751e8b465ee728b)
Start importing Assets/Characters/N_Lisa/NormalAttacks/GroundCombo/lisa_normal_combo12.png using Guid(f6c0ca564eb77bb4db5dc59150eb25b3) Importer(815301076,1909f56bfc062723c751e8b465ee728b)  -> (artifact id: '13d6f7c2afb9d588e69c73a292711ee9') in 0.225625 seconds 
========================================================================
Received Import Request.
  Time since last request: 0.000029 seconds.
  path: Assets/Characters/N_Lisa/NormalAttacks/GroundCombo/lisa_normal_combo19.png
  artifactKey: Guid(b3325e988b4304f46aba4959b849d368) Importer(815301076,1909f56bfc062723c751e8b465ee728b)
Start importing Assets/Characters/N_Lisa/NormalAttacks/GroundCombo/lisa_normal_combo19.png using Guid(b3325e988b4304f46aba4959b849d368) Importer(815301076,1909f56bfc062723c751e8b465ee728b)  -> (artifact id: '5ac128d3866bca6016eb37e7ff899b9f') in 0.219286 seconds 
========================================================================
Received Import Request.
  Time since last request: 0.000035 seconds.
  path: Assets/Characters/N_Lisa/NormalAttacks/GroundCombo/lisa_normal_combo43.png
  artifactKey: Guid(f9a899c629d9dc140a5ff67eb393ce13) Importer(815301076,1909f56bfc062723c751e8b465ee728b)
Start importing Assets/Characters/N_Lisa/NormalAttacks/GroundCombo/lisa_normal_combo43.png using Guid(f9a899c629d9dc140a5ff67eb393ce13) Importer(815301076,1909f56bfc062723c751e8b465ee728b)  -> (artifact id: '9c371c40506ec16877a43a5e9a92b294') in 0.214055 seconds 
========================================================================
Received Import Request.
  Time since last request: 0.000035 seconds.
  path: Assets/Characters/N_Lisa/NormalAttacks/GroundCombo/lisa_normal_combo21.png
  artifactKey: Guid(918b1050aac31a34da4eb284400cfd49) Importer(815301076,1909f56bfc062723c751e8b465ee728b)
Start importing Assets/Characters/N_Lisa/NormalAttacks/GroundCombo/lisa_normal_combo21.png using Guid(918b1050aac31a34da4eb284400cfd49) Importer(815301076,1909f56bfc062723c751e8b465ee728b)  -> (artifact id: '25d5af71691596acd857b4409b82f1d3') in 0.211883 seconds 
========================================================================
Received Import Request.
  Time since last request: 0.000036 seconds.
  path: Assets/Characters/N_Lisa/NormalAttacks/GroundCombo/lisa_normal_combo34.png
  artifactKey: Guid(1c917b34993b918428fca859129e511c) Importer(815301076,1909f56bfc062723c751e8b465ee728b)
Start importing Assets/Characters/N_Lisa/NormalAttacks/GroundCombo/lisa_normal_combo34.png using Guid(1c917b34993b918428fca859129e511c) Importer(815301076,1909f56bfc062723c751e8b465ee728b)  -> (artifact id: '3b3a227bb35b73f3f5e641a8cf59c645') in 0.202066 seconds 
========================================================================
Received Import Request.
  Time since last request: 0.000025 seconds.
  path: Assets/Characters/N_Lisa/NormalAttacks/GroundCombo/lisa_normal_combo36.png
  artifactKey: Guid(c3fbc8eb9a46f154ab6696e428b311c6) Importer(815301076,1909f56bfc062723c751e8b465ee728b)
Start importing Assets/Characters/N_Lisa/NormalAttacks/GroundCombo/lisa_normal_combo36.png using Guid(c3fbc8eb9a46f154ab6696e428b311c6) Importer(815301076,1909f56bfc062723c751e8b465ee728b)  -> (artifact id: 'e65243611ee5efa8445633d9476605dd') in 0.200092 seconds 
========================================================================
Received Import Request.
  Time since last request: 0.000048 seconds.
  path: Assets/Characters/N_Lisa/NormalAttacks/GroundCombo/lisa_normal_combo4.png
  artifactKey: Guid(6bfd5b5c002d8d74886c3ce0c4ce7b6c) Importer(815301076,1909f56bfc062723c751e8b465ee728b)
Start importing Assets/Characters/N_Lisa/NormalAttacks/GroundCombo/lisa_normal_combo4.png using Guid(6bfd5b5c002d8d74886c3ce0c4ce7b6c) Importer(815301076,1909f56bfc062723c751e8b465ee728b)  -> (artifact id: '6fe00d955e591bab127c285fbea46516') in 0.210433 seconds 
========================================================================
Received Import Request.
  Time since last request: 0.000033 seconds.
  path: Assets/Characters/N_Lisa/NormalAttacks/GroundCombo/lisa_normal_combo25.png
  artifactKey: Guid(4fb216d11b6de164d8f9ff9411703863) Importer(815301076,1909f56bfc062723c751e8b465ee728b)
Start importing Assets/Characters/N_Lisa/NormalAttacks/GroundCombo/lisa_normal_combo25.png using Guid(4fb216d11b6de164d8f9ff9411703863) Importer(815301076,1909f56bfc062723c751e8b465ee728b)  -> (artifact id: 'd65e7835f1f75afeb5aebacb78c66a38') in 0.204811 seconds 
========================================================================
Received Import Request.
  Time since last request: 0.000065 seconds.
  path: Assets/Characters/N_Lisa/NormalAttacks/GroundCombo/lisa_normal_combo57.png
  artifactKey: Guid(aa8315bab0594b7449f06ee9d84f3f42) Importer(815301076,1909f56bfc062723c751e8b465ee728b)
Start importing Assets/Characters/N_Lisa/NormalAttacks/GroundCombo/lisa_normal_combo57.png using Guid(aa8315bab0594b7449f06ee9d84f3f42) Importer(815301076,1909f56bfc062723c751e8b465ee728b)  -> (artifact id: '32d5937849fd56df00f041ab42964023') in 0.217002 seconds 
========================================================================
Received Import Request.
  Time since last request: 0.000037 seconds.
  path: Assets/Characters/N_Lisa/NormalAttacks/GroundCombo/lisa_normal_combo2.png
  artifactKey: Guid(e40e15dd41df12c4b857bff354e6419e) Importer(815301076,1909f56bfc062723c751e8b465ee728b)
Start importing Assets/Characters/N_Lisa/NormalAttacks/GroundCombo/lisa_normal_combo2.png using Guid(e40e15dd41df12c4b857bff354e6419e) Importer(815301076,1909f56bfc062723c751e8b465ee728b)  -> (artifact id: 'a14367ae56148c5f00fbf1790664af61') in 0.214471 seconds 
========================================================================
Received Import Request.
  Time since last request: 0.000035 seconds.
  path: Assets/Characters/N_Lisa/NormalAttacks/GroundCombo/lisa_normal_combo7.png
  artifactKey: Guid(1c03d89caa7c4be4db6c5430613c838a) Importer(815301076,1909f56bfc062723c751e8b465ee728b)
Start importing Assets/Characters/N_Lisa/NormalAttacks/GroundCombo/lisa_normal_combo7.png using Guid(1c03d89caa7c4be4db6c5430613c838a) Importer(815301076,1909f56bfc062723c751e8b465ee728b)  -> (artifact id: '37a07fdbb57176b5eca00c45160dcbe8') in 0.213400 seconds 
========================================================================
Received Import Request.
  Time since last request: 0.000029 seconds.
  path: Assets/Characters/N_Lisa/NormalAttacks/GroundCombo/lisa_normal_combo33.png
  artifactKey: Guid(3a73115beee29ff4282f9cfe2375b30d) Importer(815301076,1909f56bfc062723c751e8b465ee728b)
Start importing Assets/Characters/N_Lisa/NormalAttacks/GroundCombo/lisa_normal_combo33.png using Guid(3a73115beee29ff4282f9cfe2375b30d) Importer(815301076,1909f56bfc062723c751e8b465ee728b)  -> (artifact id: '78035e229549805a6946683acdcbb8b0') in 0.222294 seconds 
========================================================================
Received Import Request.
  Time since last request: 0.000048 seconds.
  path: Assets/Characters/N_Lisa/NormalAttacks/GroundCombo/lisa_normal_combo52.png
  artifactKey: Guid(591c022db33a9674e9bd70c6562cab61) Importer(815301076,1909f56bfc062723c751e8b465ee728b)
Start importing Assets/Characters/N_Lisa/NormalAttacks/GroundCombo/lisa_normal_combo52.png using Guid(591c022db33a9674e9bd70c6562cab61) Importer(815301076,1909f56bfc062723c751e8b465ee728b)  -> (artifact id: 'a88ceb2a4b4711944d049c161c658478') in 0.220135 seconds 
========================================================================
Received Import Request.
  Time since last request: 0.000029 seconds.
  path: Assets/Characters/N_Lisa/NormalAttacks/GroundCombo/lisa_normal_combo56.png
  artifactKey: Guid(97837d86efd260847be60240f1fb7b60) Importer(815301076,1909f56bfc062723c751e8b465ee728b)
Start importing Assets/Characters/N_Lisa/NormalAttacks/GroundCombo/lisa_normal_combo56.png using Guid(97837d86efd260847be60240f1fb7b60) Importer(815301076,1909f56bfc062723c751e8b465ee728b)  -> (artifact id: 'f86474f2a5e4370f2a252e82fa9b51be') in 0.219068 seconds 
========================================================================
Received Import Request.
  Time since last request: 0.000031 seconds.
  path: Assets/Characters/N_Lisa/NormalAttacks/GroundCombo/lisa_normal_combo5.png
  artifactKey: Guid(65d4b85e1e28c1d4292d8c8da8183af7) Importer(815301076,1909f56bfc062723c751e8b465ee728b)
Start importing Assets/Characters/N_Lisa/NormalAttacks/GroundCombo/lisa_normal_combo5.png using Guid(65d4b85e1e28c1d4292d8c8da8183af7) Importer(815301076,1909f56bfc062723c751e8b465ee728b)  -> (artifact id: 'eff14d0fdca43dc520e5055429f8d3c5') in 0.218523 seconds 
========================================================================
Received Import Request.
  Time since last request: 0.000032 seconds.
  path: Assets/Characters/N_Lisa/NormalAttacks/GroundCombo/lisa_normal_combo49.png
  artifactKey: Guid(868f3faec8f37f14e9b38fb84984156f) Importer(815301076,1909f56bfc062723c751e8b465ee728b)
Start importing Assets/Characters/N_Lisa/NormalAttacks/GroundCombo/lisa_normal_combo49.png using Guid(868f3faec8f37f14e9b38fb84984156f) Importer(815301076,1909f56bfc062723c751e8b465ee728b)  -> (artifact id: '5729b296ca98c8de9f94738487b69f9f') in 0.215371 seconds 
========================================================================
Received Import Request.
  Time since last request: 0.000053 seconds.
  path: Assets/Characters/N_Lisa/NormalAttacks/GroundCombo/lisa_normal_combo54.png
  artifactKey: Guid(9c065808a7578544ebd66f6e36dec1c8) Importer(815301076,1909f56bfc062723c751e8b465ee728b)
Start importing Assets/Characters/N_Lisa/NormalAttacks/GroundCombo/lisa_normal_combo54.png using Guid(9c065808a7578544ebd66f6e36dec1c8) Importer(815301076,1909f56bfc062723c751e8b465ee728b)  -> (artifact id: '3b1d27c6d40d557451124d5bdfbe73eb') in 0.227714 seconds 
========================================================================
Received Import Request.
  Time since last request: 0.000056 seconds.
  path: Assets/Characters/N_Lisa/NormalAttacks/GroundCombo/lisa_normal_combo29.png
  artifactKey: Guid(c07f9606a01d080439d9391c9bee766a) Importer(815301076,1909f56bfc062723c751e8b465ee728b)
Start importing Assets/Characters/N_Lisa/NormalAttacks/GroundCombo/lisa_normal_combo29.png using Guid(c07f9606a01d080439d9391c9bee766a) Importer(815301076,1909f56bfc062723c751e8b465ee728b)  -> (artifact id: '54b936c7726ce843be63faea9cbdbebb') in 0.230418 seconds 
========================================================================
Received Import Request.
  Time since last request: 0.000039 seconds.
  path: Assets/Characters/N_Lisa/NormalAttacks/GroundCombo/lisa_normal_combo22.png
  artifactKey: Guid(c7b1e4aea45990e49acca0d2b4cc7718) Importer(815301076,1909f56bfc062723c751e8b465ee728b)
Start importing Assets/Characters/N_Lisa/NormalAttacks/GroundCombo/lisa_normal_combo22.png using Guid(c7b1e4aea45990e49acca0d2b4cc7718) Importer(815301076,1909f56bfc062723c751e8b465ee728b)  -> (artifact id: 'a44605a0ff5c040c03e76f7febedb409') in 0.219643 seconds 
========================================================================
Received Import Request.
  Time since last request: 0.000031 seconds.
  path: Assets/Characters/N_Lisa/NormalAttacks/GroundCombo/lisa_normal_combo27.png
  artifactKey: Guid(3b2b035190b117846b1a437807ad9448) Importer(815301076,1909f56bfc062723c751e8b465ee728b)
Start importing Assets/Characters/N_Lisa/NormalAttacks/GroundCombo/lisa_normal_combo27.png using Guid(3b2b035190b117846b1a437807ad9448) Importer(815301076,1909f56bfc062723c751e8b465ee728b)  -> (artifact id: '1f7c33aabf51dd4fd4511e69a27f3796') in 0.226823 seconds 
========================================================================
Received Import Request.
  Time since last request: 0.000028 seconds.
  path: Assets/Characters/N_Lisa/NormalAttacks/GroundCombo/lisa_normal_combo42.png
  artifactKey: Guid(0cf855f927d52a84f89772a5a2332bd2) Importer(815301076,1909f56bfc062723c751e8b465ee728b)
Start importing Assets/Characters/N_Lisa/NormalAttacks/GroundCombo/lisa_normal_combo42.png using Guid(0cf855f927d52a84f89772a5a2332bd2) Importer(815301076,1909f56bfc062723c751e8b465ee728b)  -> (artifact id: 'a84f03b1d252571a1de1c8e995359e8d') in 0.230804 seconds 
========================================================================
Received Import Request.
  Time since last request: 0.000048 seconds.
  path: Assets/Characters/N_Lisa/NormalAttacks/GroundCombo/lisa_normal_combo35.png
  artifactKey: Guid(63adebee151665043b846f2f68415e56) Importer(815301076,1909f56bfc062723c751e8b465ee728b)
Start importing Assets/Characters/N_Lisa/NormalAttacks/GroundCombo/lisa_normal_combo35.png using Guid(63adebee151665043b846f2f68415e56) Importer(815301076,1909f56bfc062723c751e8b465ee728b)  -> (artifact id: 'fa2c7c5298d841c4162b131ee494c22e') in 0.234864 seconds 
========================================================================
Received Import Request.
  Time since last request: 0.000034 seconds.
  path: Assets/Characters/N_Lisa/NormalAttacks/GroundCombo/lisa_normal_combo10.png
  artifactKey: Guid(a099e4375ff09194a86946a6006606fc) Importer(815301076,1909f56bfc062723c751e8b465ee728b)
Start importing Assets/Characters/N_Lisa/NormalAttacks/GroundCombo/lisa_normal_combo10.png using Guid(a099e4375ff09194a86946a6006606fc) Importer(815301076,1909f56bfc062723c751e8b465ee728b)  -> (artifact id: '9e93733c76a5cd7ee8dbf5c03f67ce95') in 0.233661 seconds 
Editor requested this worker to shutdown with reason: Scaling down because of idle timeout
AssetImportWorker is now disconnected from the server
Process exiting
Exiting without the bug reporter. Application will terminate with return code 0