Using pre-set license
Built from '2021.3/staging' branch; Version is '2021.3.10f1 (1c7d0df0160b) revision 1867021'; Using compiler version '192829333'; Build Type 'Release'
OS: 'Windows 10  (10.0.19044) 64bit Core' Language: 'en' Physical Memory: 15776 MB
BatchMode: 1, IsHumanControllingUs: 0, StartBugReporterOnCrash: 0, Is64bit: 1, IsPro: 1

COMMAND LINE ARGUMENTS:
C:\Program Files\Unity\Hub\Editor\2021.3.10f1\Editor\Unity.exe
-adb2
-batchMode
-noUpm
-name
AssetImportWorker3
-projectPath
C:/Users/johne/Documents/GitHub Repos/HyperStars/HyperStars
-logFile
Logs/AssetImportWorker3.log
-srvPort
58021
Successfully changed project path to: C:/Users/johne/Documents/GitHub Repos/HyperStars/HyperStars
C:/Users/johne/Documents/GitHub Repos/HyperStars/HyperStars
[UnityMemory] Configuration Parameters - Can be set up in boot.config
    "memorysetup-bucket-allocator-granularity=16"
    "memorysetup-bucket-allocator-bucket-count=8"
    "memorysetup-bucket-allocator-block-size=33554432"
    "memorysetup-bucket-allocator-block-count=8"
    "memorysetup-main-allocator-block-size=16777216"
    "memorysetup-thread-allocator-block-size=16777216"
    "memorysetup-gfx-main-allocator-block-size=16777216"
    "memorysetup-gfx-thread-allocator-block-size=16777216"
    "memorysetup-cache-allocator-block-size=4194304"
    "memorysetup-typetree-allocator-block-size=2097152"
    "memorysetup-profiler-bucket-allocator-granularity=16"
    "memorysetup-profiler-bucket-allocator-bucket-count=8"
    "memorysetup-profiler-bucket-allocator-block-size=33554432"
    "memorysetup-profiler-bucket-allocator-block-count=8"
    "memorysetup-profiler-allocator-block-size=16777216"
    "memorysetup-profiler-editor-allocator-block-size=1048576"
    "memorysetup-temp-allocator-size-main=16777216"
    "memorysetup-job-temp-allocator-block-size=2097152"
    "memorysetup-job-temp-allocator-block-size-background=1048576"
    "memorysetup-job-temp-allocator-reduction-small-platforms=262144"
    "memorysetup-temp-allocator-size-background-worker=32768"
    "memorysetup-temp-allocator-size-job-worker=262144"
    "memorysetup-temp-allocator-size-preload-manager=33554432"
    "memorysetup-temp-allocator-size-nav-mesh-worker=65536"
    "memorysetup-temp-allocator-size-audio-worker=65536"
    "memorysetup-temp-allocator-size-cloud-worker=32768"
    "memorysetup-temp-allocator-size-gi-baking-worker=262144"
    "memorysetup-temp-allocator-size-gfx=262144"
Refreshing native plugins compatible for Editor in 154.68 ms, found 4 plugins.
Preloading 0 native plugins for Editor in 0.00 ms.
Initialize engine version: 2021.3.10f1 (1c7d0df0160b)
[Subsystems] Discovering subsystems at path C:/Program Files/Unity/Hub/Editor/2021.3.10f1/Editor/Data/Resources/UnitySubsystems
[Subsystems] Discovering subsystems at path C:/Users/johne/Documents/GitHub Repos/HyperStars/HyperStars/Assets
GfxDevice: creating device client; threaded=0; jobified=0
Direct3D:
    Version:  Direct3D 11.0 [level 11.1]
    Renderer: NVIDIA GeForce RTX 3070 Laptop GPU (ID=0x249d)
    Vendor:   NVIDIA
    VRAM:     8044 MB
    Driver:   31.0.15.1659
Initialize mono
Mono path[0] = 'C:/Program Files/Unity/Hub/Editor/2021.3.10f1/Editor/Data/Managed'
Mono path[1] = 'C:/Program Files/Unity/Hub/Editor/2021.3.10f1/Editor/Data/MonoBleedingEdge/lib/mono/unityjit-win32'
Mono config path = 'C:/Program Files/Unity/Hub/Editor/2021.3.10f1/Editor/Data/MonoBleedingEdge/etc'
Using monoOptions --debugger-agent=transport=dt_socket,embedding=1,server=y,suspend=n,address=127.0.0.1:56956
Begin MonoManager ReloadAssembly
Registering precompiled unity dll's ...
Register platform support module: C:/Program Files/Unity/Hub/Editor/2021.3.10f1/Editor/Data/PlaybackEngines/WebGLSupport/UnityEditor.WebGL.Extensions.dll
Register platform support module: C:/Program Files/Unity/Hub/Editor/2021.3.10f1/Editor/Data/PlaybackEngines/WindowsStandaloneSupport/UnityEditor.WindowsStandalone.Extensions.dll
Registered in 0.011898 seconds.
Native extension for WindowsStandalone target not found
Native extension for WebGL target not found
Refreshing native plugins compatible for Editor in 99.53 ms, found 4 plugins.
Preloading 0 native plugins for Editor in 0.00 ms.
Mono: successfully reloaded assembly
- Completed reload, in  0.824 seconds
Domain Reload Profiling:
	ReloadAssembly (824ms)
		BeginReloadAssembly (134ms)
			ExecutionOrderSort (0ms)
			DisableScriptedObjects (0ms)
			BackupInstance (0ms)
			ReleaseScriptingObjects (0ms)
			CreateAndSetChildDomain (1ms)
		EndReloadAssembly (557ms)
			LoadAssemblies (128ms)
			RebuildTransferFunctionScriptingTraits (0ms)
			SetupTypeCache (117ms)
			ReleaseScriptCaches (0ms)
			RebuildScriptCaches (30ms)
			SetupLoadedEditorAssemblies (342ms)
				LogAssemblyErrors (0ms)
				InitializePlatformSupportModulesInManaged (11ms)
				SetLoadedEditorAssemblies (0ms)
				RefreshPlugins (100ms)
				BeforeProcessingInitializeOnLoad (1ms)
				ProcessInitializeOnLoadAttributes (176ms)
				ProcessInitializeOnLoadMethodAttributes (55ms)
				AfterProcessingInitializeOnLoad (0ms)
				EditorAssembliesLoaded (0ms)
			ExecutionOrderSort2 (0ms)
			AwakeInstancesAfterBackupRestoration (0ms)
Platform modules already initialized, skipping
Registering precompiled user dll's ...
Registered in 0.016163 seconds.
Begin MonoManager ReloadAssembly
Native extension for WindowsStandalone target not found
Native extension for WebGL target not found
Refreshing native plugins compatible for Editor in 98.77 ms, found 4 plugins.
Preloading 0 native plugins for Editor in 0.00 ms.
DisplayProgressbar: Populating Wwise Picker
Mono: successfully reloaded assembly
- Completed reload, in  2.070 seconds
Domain Reload Profiling:
	ReloadAssembly (2071ms)
		BeginReloadAssembly (186ms)
			ExecutionOrderSort (0ms)
			DisableScriptedObjects (7ms)
			BackupInstance (0ms)
			ReleaseScriptingObjects (0ms)
			CreateAndSetChildDomain (21ms)
		EndReloadAssembly (1730ms)
			LoadAssemblies (235ms)
			RebuildTransferFunctionScriptingTraits (0ms)
			SetupTypeCache (344ms)
			ReleaseScriptCaches (1ms)
			RebuildScriptCaches (94ms)
			SetupLoadedEditorAssemblies (1051ms)
				LogAssemblyErrors (0ms)
				InitializePlatformSupportModulesInManaged (7ms)
				SetLoadedEditorAssemblies (0ms)
				RefreshPlugins (99ms)
				BeforeProcessingInitializeOnLoad (138ms)
				ProcessInitializeOnLoadAttributes (665ms)
				ProcessInitializeOnLoadMethodAttributes (131ms)
				AfterProcessingInitializeOnLoad (10ms)
				EditorAssembliesLoaded (0ms)
			ExecutionOrderSort2 (0ms)
			AwakeInstancesAfterBackupRestoration (9ms)
Platform modules already initialized, skipping
========================================================================
Worker process is ready to serve import requests
Launched and connected shader compiler UnityShaderCompiler.exe after 0.07 seconds
Refreshing native plugins compatible for Editor in 1.45 ms, found 4 plugins.
Preloading 0 native plugins for Editor in 0.00 ms.
Unloading 5233 Unused Serialized files (Serialized files now loaded: 0)
Unloading 93 unused Assets / (1.4 MB). Loaded Objects now: 5650.
Memory consumption went from 218.7 MB to 217.3 MB.
Total: 5.835200 ms (FindLiveObjects: 0.383300 ms CreateObjectMapping: 0.193400 ms MarkObjects: 4.824400 ms  DeleteObjects: 0.432900 ms)

AssetImportParameters requested are different than current active one (requested -> active):
  custom:video-decoder-ogg-theora: a1e56fd34408186e4bbccfd4996cb3dc -> 
  custom:container-muxer-webm: aa71ff27fc2769a1b78a27578f13a17b -> 
  custom:container-demuxer-webm: 4f35f7cbe854078d1ac9338744f61a02 -> 
  custom:video-encoder-webm-vp8: eb34c28f22e8b96e1ab97ce403110664 -> 
  custom:video-codec-MediaFoundation-h265: 746d11721c4dcdbdad8f713fa42b33f4 -> 
  custom:audio-encoder-webm-vorbis: bf7c407c2cedff20999df2af8eb42d56 -> 
  custom:framework-win-MediaFoundation: 216162199b28c13a410421893ffa2e32 -> 
  custom:container-demuxer-ogg: 62fdf1f143b41e24485cea50d1cbac27 -> 
  custom:video-decoder-webm-vp8: 9c59270c3fd7afecdb556c50c9e8de78 -> 
  custom:audio-decoder-ogg-vorbis: bf7c407c2cedff20999df2af8eb42d56 -> 
========================================================================
Received Import Request.
  Time since last request: 154946.911102 seconds.
  path: Assets/Characters/N_Lisa/NormalAttacks/GroundCombo/lisa_normal_combo1.png
  artifactKey: Guid(db1bed3fd0d22a243a3ab88bda92ba7e) Importer(815301076,1909f56bfc062723c751e8b465ee728b)
Start importing Assets/Characters/N_Lisa/NormalAttacks/GroundCombo/lisa_normal_combo1.png using Guid(db1bed3fd0d22a243a3ab88bda92ba7e) Importer(815301076,1909f56bfc062723c751e8b465ee728b)  -> (artifact id: 'e5d0a75c4b4a995f779f56b1e85a50f4') in 0.434458 seconds 
========================================================================
Received Import Request.
  Time since last request: 0.000041 seconds.
  path: Assets/Characters/N_Lisa/NormalAttacks/GroundCombo/lisa_normal_combo28.png
  artifactKey: Guid(42aac7ae3d79dcf469483339bb5e929a) Importer(815301076,1909f56bfc062723c751e8b465ee728b)
Start importing Assets/Characters/N_Lisa/NormalAttacks/GroundCombo/lisa_normal_combo28.png using Guid(42aac7ae3d79dcf469483339bb5e929a) Importer(815301076,1909f56bfc062723c751e8b465ee728b)  -> (artifact id: 'd71b7642f8f66bd777896408f3127a79') in 0.227510 seconds 
========================================================================
Received Import Request.
  Time since last request: 0.000051 seconds.
  path: Assets/Characters/N_Lisa/NormalAttacks/GroundCombo/lisa_normal_combo14.png
  artifactKey: Guid(aea40d02d3b8e3f4c895a7b9f297961c) Importer(815301076,1909f56bfc062723c751e8b465ee728b)
Start importing Assets/Characters/N_Lisa/NormalAttacks/GroundCombo/lisa_normal_combo14.png using Guid(aea40d02d3b8e3f4c895a7b9f297961c) Importer(815301076,1909f56bfc062723c751e8b465ee728b)  -> (artifact id: 'f2f156ea83b13427a8f7f4b46e438eee') in 0.242288 seconds 
========================================================================
Received Import Request.
  Time since last request: 0.000031 seconds.
  path: Assets/Characters/N_Lisa/NormalAttacks/GroundCombo/lisa_normal_combo47.png
  artifactKey: Guid(9ae4babf0bd1f324ea692361693fd66f) Importer(815301076,1909f56bfc062723c751e8b465ee728b)
Start importing Assets/Characters/N_Lisa/NormalAttacks/GroundCombo/lisa_normal_combo47.png using Guid(9ae4babf0bd1f324ea692361693fd66f) Importer(815301076,1909f56bfc062723c751e8b465ee728b)  -> (artifact id: 'c3293262338147ea549500194f7e836c') in 0.234069 seconds 
========================================================================
Received Import Request.
  Time since last request: 0.000060 seconds.
  path: Assets/Characters/N_Lisa/NormalAttacks/GroundCombo/lisa_normal_combo46.png
  artifactKey: Guid(d73ea4c7d26179d4898b426bedf82378) Importer(815301076,1909f56bfc062723c751e8b465ee728b)
Start importing Assets/Characters/N_Lisa/NormalAttacks/GroundCombo/lisa_normal_combo46.png using Guid(d73ea4c7d26179d4898b426bedf82378) Importer(815301076,1909f56bfc062723c751e8b465ee728b)  -> (artifact id: '3c093e3e4eadb869269b8b3e3aa46bc9') in 0.226567 seconds 
========================================================================
Received Import Request.
  Time since last request: 0.000039 seconds.
  path: Assets/Characters/N_Lisa/NormalAttacks/GroundCombo/lisa_normal_combo32.png
  artifactKey: Guid(560abee5af8a9334bbe9b9d504fdfc2c) Importer(815301076,1909f56bfc062723c751e8b465ee728b)
Start importing Assets/Characters/N_Lisa/NormalAttacks/GroundCombo/lisa_normal_combo32.png using Guid(560abee5af8a9334bbe9b9d504fdfc2c) Importer(815301076,1909f56bfc062723c751e8b465ee728b)  -> (artifact id: '241a6fe937e099a635f91757ab96a405') in 0.262188 seconds 
========================================================================
Received Import Request.
  Time since last request: 0.000043 seconds.
  path: Assets/Characters/N_Lisa/NormalAttacks/GroundCombo/lisa_normal_combo15.png
  artifactKey: Guid(2d55344bcde9a584fb8e92185183fa48) Importer(815301076,1909f56bfc062723c751e8b465ee728b)
Start importing Assets/Characters/N_Lisa/NormalAttacks/GroundCombo/lisa_normal_combo15.png using Guid(2d55344bcde9a584fb8e92185183fa48) Importer(815301076,1909f56bfc062723c751e8b465ee728b)  -> (artifact id: '5a9f072718f0025b04e78364c9d0ff7e') in 0.233033 seconds 
========================================================================
Received Import Request.
  Time since last request: 0.000035 seconds.
  path: Assets/Characters/N_Lisa/NormalAttacks/GroundCombo/lisa_normal_combo17.png
  artifactKey: Guid(2fd02040b44d9a646a21bf913a9cb600) Importer(815301076,1909f56bfc062723c751e8b465ee728b)
Start importing Assets/Characters/N_Lisa/NormalAttacks/GroundCombo/lisa_normal_combo17.png using Guid(2fd02040b44d9a646a21bf913a9cb600) Importer(815301076,1909f56bfc062723c751e8b465ee728b)  -> (artifact id: 'bcc881791bff389cd600b2bc4709774f') in 0.225727 seconds 
========================================================================
Received Import Request.
  Time since last request: 0.000049 seconds.
  path: Assets/Characters/N_Lisa/NormalAttacks/GroundCombo/lisa_normal_combo31.png
  artifactKey: Guid(6a7ecd037243e9f4fa2592c53f10715e) Importer(815301076,1909f56bfc062723c751e8b465ee728b)
Start importing Assets/Characters/N_Lisa/NormalAttacks/GroundCombo/lisa_normal_combo31.png using Guid(6a7ecd037243e9f4fa2592c53f10715e) Importer(815301076,1909f56bfc062723c751e8b465ee728b)  -> (artifact id: 'acbe5a366ce75e281534310399ac2d03') in 0.218469 seconds 
========================================================================
Received Import Request.
  Time since last request: 0.000028 seconds.
  path: Assets/Characters/N_Lisa/NormalAttacks/GroundCombo/lisa_normal_combo45.png
  artifactKey: Guid(f77846d9e5b9f0447a26f9de26c9bef0) Importer(815301076,1909f56bfc062723c751e8b465ee728b)
Start importing Assets/Characters/N_Lisa/NormalAttacks/GroundCombo/lisa_normal_combo45.png using Guid(f77846d9e5b9f0447a26f9de26c9bef0) Importer(815301076,1909f56bfc062723c751e8b465ee728b)  -> (artifact id: '5b08c868d776bd46cdaacc2939976df8') in 0.213272 seconds 
========================================================================
Received Import Request.
  Time since last request: 0.000062 seconds.
  path: Assets/Characters/N_Lisa/NormalAttacks/GroundCombo/lisa_normal_combo37.png
  artifactKey: Guid(f03a2a620d1deb449b4cb9366adef33d) Importer(815301076,1909f56bfc062723c751e8b465ee728b)
Start importing Assets/Characters/N_Lisa/NormalAttacks/GroundCombo/lisa_normal_combo37.png using Guid(f03a2a620d1deb449b4cb9366adef33d) Importer(815301076,1909f56bfc062723c751e8b465ee728b)  -> (artifact id: '106eb44683b54d747fef51c143e7a87f') in 0.205147 seconds 
========================================================================
Received Import Request.
  Time since last request: 0.000028 seconds.
  path: Assets/Characters/N_Lisa/NormalAttacks/GroundCombo/lisa_normal_combo11.png
  artifactKey: Guid(44d6feab86d8a8d4f8a4386c282d0077) Importer(815301076,1909f56bfc062723c751e8b465ee728b)
Start importing Assets/Characters/N_Lisa/NormalAttacks/GroundCombo/lisa_normal_combo11.png using Guid(44d6feab86d8a8d4f8a4386c282d0077) Importer(815301076,1909f56bfc062723c751e8b465ee728b)  -> (artifact id: '955b732fcbb1116b1c8801b3c1e4790d') in 0.207036 seconds 
========================================================================
Received Import Request.
  Time since last request: 0.000040 seconds.
  path: Assets/Characters/N_Lisa/NormalAttacks/GroundCombo/lisa_normal_combo20.png
  artifactKey: Guid(392c817dd77ee2441aa103ec9c79a2f8) Importer(815301076,1909f56bfc062723c751e8b465ee728b)
Start importing Assets/Characters/N_Lisa/NormalAttacks/GroundCombo/lisa_normal_combo20.png using Guid(392c817dd77ee2441aa103ec9c79a2f8) Importer(815301076,1909f56bfc062723c751e8b465ee728b)  -> (artifact id: 'c66681c79d33d77e309b6c6a87378c7d') in 0.210042 seconds 
========================================================================
Received Import Request.
  Time since last request: 0.000033 seconds.
  path: Assets/Characters/N_Lisa/NormalAttacks/GroundCombo/lisa_normal_combo6.png
  artifactKey: Guid(b7240bdaa4cfb814e947d8f13dd409dc) Importer(815301076,1909f56bfc062723c751e8b465ee728b)
Start importing Assets/Characters/N_Lisa/NormalAttacks/GroundCombo/lisa_normal_combo6.png using Guid(b7240bdaa4cfb814e947d8f13dd409dc) Importer(815301076,1909f56bfc062723c751e8b465ee728b)  -> (artifact id: 'd133c6f21d9b30528ac8fd0a3d60a47a') in 0.213784 seconds 
========================================================================
Received Import Request.
  Time since last request: 0.000035 seconds.
  path: Assets/Characters/N_Lisa/NormalAttacks/GroundCombo/lisa_normal_combo26.png
  artifactKey: Guid(49ee5f4c03c005c4db01a513dedaa71b) Importer(815301076,1909f56bfc062723c751e8b465ee728b)
Start importing Assets/Characters/N_Lisa/NormalAttacks/GroundCombo/lisa_normal_combo26.png using Guid(49ee5f4c03c005c4db01a513dedaa71b) Importer(815301076,1909f56bfc062723c751e8b465ee728b)  -> (artifact id: 'f14d635088bd5680e18310a3bfaccdc1') in 0.214847 seconds 
========================================================================
Received Import Request.
  Time since last request: 0.000058 seconds.
  path: Assets/Characters/N_Lisa/NormalAttacks/GroundCombo/lisa_normal_combo55.png
  artifactKey: Guid(13832242ae6d4794fb9b3a063e31e28d) Importer(815301076,1909f56bfc062723c751e8b465ee728b)
Start importing Assets/Characters/N_Lisa/NormalAttacks/GroundCombo/lisa_normal_combo55.png using Guid(13832242ae6d4794fb9b3a063e31e28d) Importer(815301076,1909f56bfc062723c751e8b465ee728b)  -> (artifact id: '38ad4d53dcc4396bdbaeae2192db2662') in 0.220391 seconds 
========================================================================
Received Import Request.
  Time since last request: 0.000073 seconds.
  path: Assets/Characters/N_Lisa/NormalAttacks/GroundCombo/lisa_normal_combo13.png
  artifactKey: Guid(3b1a6656e45386047a5f164d1cbde4bb) Importer(815301076,1909f56bfc062723c751e8b465ee728b)
Start importing Assets/Characters/N_Lisa/NormalAttacks/GroundCombo/lisa_normal_combo13.png using Guid(3b1a6656e45386047a5f164d1cbde4bb) Importer(815301076,1909f56bfc062723c751e8b465ee728b)  -> (artifact id: '7c2f17d47c6febd0dc5a18d92facb706') in 0.217021 seconds 
========================================================================
Received Import Request.
  Time since last request: 0.000030 seconds.
  path: Assets/Characters/N_Lisa/NormalAttacks/GroundCombo/lisa_normal_combo38.png
  artifactKey: Guid(5e7a53a3a2aa8494ea1959ae4e5f9386) Importer(815301076,1909f56bfc062723c751e8b465ee728b)
Start importing Assets/Characters/N_Lisa/NormalAttacks/GroundCombo/lisa_normal_combo38.png using Guid(5e7a53a3a2aa8494ea1959ae4e5f9386) Importer(815301076,1909f56bfc062723c751e8b465ee728b)  -> (artifact id: 'c1a3a0a726252ba8427009a08584e9c6') in 0.226169 seconds 
========================================================================
Received Import Request.
  Time since last request: 0.000054 seconds.
  path: Assets/Characters/N_Lisa/NormalAttacks/GroundCombo/lisa_normal_combo18.png
  artifactKey: Guid(2c52862e0fcf7814e9ff178c2389d3e7) Importer(815301076,1909f56bfc062723c751e8b465ee728b)
Start importing Assets/Characters/N_Lisa/NormalAttacks/GroundCombo/lisa_normal_combo18.png using Guid(2c52862e0fcf7814e9ff178c2389d3e7) Importer(815301076,1909f56bfc062723c751e8b465ee728b)  -> (artifact id: '2f2f249550d86e0cc42338c95f5493ef') in 0.223491 seconds 
========================================================================
Received Import Request.
  Time since last request: 0.000027 seconds.
  path: Assets/Characters/N_Lisa/NormalAttacks/GroundCombo/lisa_normal_combo24.png
  artifactKey: Guid(395ec6e3727e4b342922cb2d21130eb2) Importer(815301076,1909f56bfc062723c751e8b465ee728b)
Start importing Assets/Characters/N_Lisa/NormalAttacks/GroundCombo/lisa_normal_combo24.png using Guid(395ec6e3727e4b342922cb2d21130eb2) Importer(815301076,1909f56bfc062723c751e8b465ee728b)  -> (artifact id: '9e4ed826842adf432772550e718c975f') in 0.226761 seconds 
========================================================================
Received Import Request.
  Time since last request: 0.000043 seconds.
  path: Assets/Characters/N_Lisa/NormalAttacks/GroundCombo/lisa_normal_combo8.png
  artifactKey: Guid(b513dd9198c629b4c98896a96493a891) Importer(815301076,1909f56bfc062723c751e8b465ee728b)
Start importing Assets/Characters/N_Lisa/NormalAttacks/GroundCombo/lisa_normal_combo8.png using Guid(b513dd9198c629b4c98896a96493a891) Importer(815301076,1909f56bfc062723c751e8b465ee728b)  -> (artifact id: '617e338c7ded54d1b0c36efe239545a0') in 0.216303 seconds 
========================================================================
Received Import Request.
  Time since last request: 0.000042 seconds.
  path: Assets/Characters/N_Lisa/NormalAttacks/GroundCombo/lisa_normal_combo39.png
  artifactKey: Guid(9d59ae95bc22f94498b6d46153c5bf0e) Importer(815301076,1909f56bfc062723c751e8b465ee728b)
Start importing Assets/Characters/N_Lisa/NormalAttacks/GroundCombo/lisa_normal_combo39.png using Guid(9d59ae95bc22f94498b6d46153c5bf0e) Importer(815301076,1909f56bfc062723c751e8b465ee728b)  -> (artifact id: 'a1e01510565c602b460f112786bb3012') in 0.222649 seconds 
========================================================================
Received Import Request.
  Time since last request: 0.000033 seconds.
  path: Assets/Characters/N_Lisa/NormalAttacks/GroundCombo/lisa_normal_combo30.png
  artifactKey: Guid(dba362c987c99e54d9da76d313b413b1) Importer(815301076,1909f56bfc062723c751e8b465ee728b)
Start importing Assets/Characters/N_Lisa/NormalAttacks/GroundCombo/lisa_normal_combo30.png using Guid(dba362c987c99e54d9da76d313b413b1) Importer(815301076,1909f56bfc062723c751e8b465ee728b)  -> (artifact id: '31b06cbf484cee7a29a6ed37d6850407') in 0.234542 seconds 
========================================================================
Received Import Request.
  Time since last request: 0.000036 seconds.
  path: Assets/Characters/N_Lisa/NormalAttacks/GroundCombo/lisa_normal_combo53.png
  artifactKey: Guid(099000f2c290ef94483d2aa5be4b5e84) Importer(815301076,1909f56bfc062723c751e8b465ee728b)
Start importing Assets/Characters/N_Lisa/NormalAttacks/GroundCombo/lisa_normal_combo53.png using Guid(099000f2c290ef94483d2aa5be4b5e84) Importer(815301076,1909f56bfc062723c751e8b465ee728b)  -> (artifact id: '1466adbd565344b059dbb1103beb6275') in 0.241259 seconds 
========================================================================
Received Import Request.
  Time since last request: 0.000032 seconds.
  path: Assets/Characters/N_Lisa/NormalAttacks/GroundCombo/lisa_normal_combo51.png
  artifactKey: Guid(00c96daca9694e84782bc795d705dc4a) Importer(815301076,1909f56bfc062723c751e8b465ee728b)
Start importing Assets/Characters/N_Lisa/NormalAttacks/GroundCombo/lisa_normal_combo51.png using Guid(00c96daca9694e84782bc795d705dc4a) Importer(815301076,1909f56bfc062723c751e8b465ee728b)  -> (artifact id: 'a3e2763148d622307aeb994e73104847') in 0.215672 seconds 
========================================================================
Received Import Request.
  Time since last request: 0.000039 seconds.
  path: Assets/Characters/N_Lisa/NormalAttacks/GroundCombo/lisa_normal_combo16.png
  artifactKey: Guid(4588c846c03c3144faca4d6697febf4e) Importer(815301076,1909f56bfc062723c751e8b465ee728b)
Start importing Assets/Characters/N_Lisa/NormalAttacks/GroundCombo/lisa_normal_combo16.png using Guid(4588c846c03c3144faca4d6697febf4e) Importer(815301076,1909f56bfc062723c751e8b465ee728b)  -> (artifact id: '19a70948915f3e099e0f8e3a7d462b87') in 0.226271 seconds 
========================================================================
Received Import Request.
  Time since last request: 0.000039 seconds.
  path: Assets/Characters/N_Lisa/NormalAttacks/GroundCombo/lisa_normal_combo41.png
  artifactKey: Guid(4c5dc5d65f98cad4daa15909fb9809b2) Importer(815301076,1909f56bfc062723c751e8b465ee728b)
Start importing Assets/Characters/N_Lisa/NormalAttacks/GroundCombo/lisa_normal_combo41.png using Guid(4c5dc5d65f98cad4daa15909fb9809b2) Importer(815301076,1909f56bfc062723c751e8b465ee728b)  -> (artifact id: 'aca0ba69a9eb855740fa832433aaaef3') in 0.229181 seconds 
========================================================================
Received Import Request.
  Time since last request: 0.000039 seconds.
  path: Assets/Characters/N_Lisa/NormalAttacks/GroundCombo/lisa_normal_combo40.png
  artifactKey: Guid(0c98fd4660aae4544a6c0e9d92db06c3) Importer(815301076,1909f56bfc062723c751e8b465ee728b)
Start importing Assets/Characters/N_Lisa/NormalAttacks/GroundCombo/lisa_normal_combo40.png using Guid(0c98fd4660aae4544a6c0e9d92db06c3) Importer(815301076,1909f56bfc062723c751e8b465ee728b)  -> (artifact id: '5625481a73f73c239018198437787fdd') in 0.246024 seconds 
========================================================================
Received Import Request.
  Time since last request: 0.000058 seconds.
  path: Assets/Characters/N_Lisa/NormalAttacks/GroundCombo/lisa_normal_combo23.png
  artifactKey: Guid(80e9241123a86c644815dd4aa64dcf0f) Importer(815301076,1909f56bfc062723c751e8b465ee728b)
Start importing Assets/Characters/N_Lisa/NormalAttacks/GroundCombo/lisa_normal_combo23.png using Guid(80e9241123a86c644815dd4aa64dcf0f) Importer(815301076,1909f56bfc062723c751e8b465ee728b)  -> (artifact id: '8ed224ea94d40a88611c66f921717c4d') in 0.218744 seconds 
Editor requested this worker to shutdown with reason: Scaling down because of idle timeout
AssetImportWorker is now disconnected from the server
Process exiting
Exiting without the bug reporter. Application will terminate with return code 0