Using pre-set license
Built from '2021.3/staging' branch; Version is '2021.3.10f1 (1c7d0df0160b) revision 1867021'; Using compiler version '192829333'; Build Type 'Release'
OS: 'Windows 10  (10.0.19044) 64bit Core' Language: 'en' Physical Memory: 15776 MB
BatchMode: 1, IsHumanControllingUs: 0, StartBugReporterOnCrash: 0, Is64bit: 1, IsPro: 1

COMMAND LINE ARGUMENTS:
C:\Program Files\Unity\Hub\Editor\2021.3.10f1\Editor\Unity.exe
-adb2
-batchMode
-noUpm
-name
AssetImportWorker0
-projectPath
C:/Users/johne/Documents/GitHub Repos/HyperStars/HyperStars
-logFile
Logs/AssetImportWorker0.log
-srvPort
58021
Successfully changed project path to: C:/Users/johne/Documents/GitHub Repos/HyperStars/HyperStars
C:/Users/johne/Documents/GitHub Repos/HyperStars/HyperStars
[UnityMemory] Configuration Parameters - Can be set up in boot.config
    "memorysetup-bucket-allocator-granularity=16"
    "memorysetup-bucket-allocator-bucket-count=8"
    "memorysetup-bucket-allocator-block-size=33554432"
    "memorysetup-bucket-allocator-block-count=8"
    "memorysetup-main-allocator-block-size=16777216"
    "memorysetup-thread-allocator-block-size=16777216"
    "memorysetup-gfx-main-allocator-block-size=16777216"
    "memorysetup-gfx-thread-allocator-block-size=16777216"
    "memorysetup-cache-allocator-block-size=4194304"
    "memorysetup-typetree-allocator-block-size=2097152"
    "memorysetup-profiler-bucket-allocator-granularity=16"
    "memorysetup-profiler-bucket-allocator-bucket-count=8"
    "memorysetup-profiler-bucket-allocator-block-size=33554432"
    "memorysetup-profiler-bucket-allocator-block-count=8"
    "memorysetup-profiler-allocator-block-size=16777216"
    "memorysetup-profiler-editor-allocator-block-size=1048576"
    "memorysetup-temp-allocator-size-main=16777216"
    "memorysetup-job-temp-allocator-block-size=2097152"
    "memorysetup-job-temp-allocator-block-size-background=1048576"
    "memorysetup-job-temp-allocator-reduction-small-platforms=262144"
    "memorysetup-temp-allocator-size-background-worker=32768"
    "memorysetup-temp-allocator-size-job-worker=262144"
    "memorysetup-temp-allocator-size-preload-manager=33554432"
    "memorysetup-temp-allocator-size-nav-mesh-worker=65536"
    "memorysetup-temp-allocator-size-audio-worker=65536"
    "memorysetup-temp-allocator-size-cloud-worker=32768"
    "memorysetup-temp-allocator-size-gi-baking-worker=262144"
    "memorysetup-temp-allocator-size-gfx=262144"
Refreshing native plugins compatible for Editor in 107.35 ms, found 4 plugins.
Preloading 0 native plugins for Editor in 0.00 ms.
Initialize engine version: 2021.3.10f1 (1c7d0df0160b)
[Subsystems] Discovering subsystems at path C:/Program Files/Unity/Hub/Editor/2021.3.10f1/Editor/Data/Resources/UnitySubsystems
[Subsystems] Discovering subsystems at path C:/Users/johne/Documents/GitHub Repos/HyperStars/HyperStars/Assets
GfxDevice: creating device client; threaded=0; jobified=0
Direct3D:
    Version:  Direct3D 11.0 [level 11.1]
    Renderer: NVIDIA GeForce RTX 3070 Laptop GPU (ID=0x249d)
    Vendor:   NVIDIA
    VRAM:     8044 MB
    Driver:   31.0.15.1659
Initialize mono
Mono path[0] = 'C:/Program Files/Unity/Hub/Editor/2021.3.10f1/Editor/Data/Managed'
Mono path[1] = 'C:/Program Files/Unity/Hub/Editor/2021.3.10f1/Editor/Data/MonoBleedingEdge/lib/mono/unityjit-win32'
Mono config path = 'C:/Program Files/Unity/Hub/Editor/2021.3.10f1/Editor/Data/MonoBleedingEdge/etc'
Using monoOptions --debugger-agent=transport=dt_socket,embedding=1,server=y,suspend=n,address=127.0.0.1:56248
Begin MonoManager ReloadAssembly
Registering precompiled unity dll's ...
Register platform support module: C:/Program Files/Unity/Hub/Editor/2021.3.10f1/Editor/Data/PlaybackEngines/WebGLSupport/UnityEditor.WebGL.Extensions.dll
Register platform support module: C:/Program Files/Unity/Hub/Editor/2021.3.10f1/Editor/Data/PlaybackEngines/WindowsStandaloneSupport/UnityEditor.WindowsStandalone.Extensions.dll
Registered in 0.010973 seconds.
Native extension for WindowsStandalone target not found
Native extension for WebGL target not found
Refreshing native plugins compatible for Editor in 98.00 ms, found 4 plugins.
Preloading 0 native plugins for Editor in 0.00 ms.
Mono: successfully reloaded assembly
- Completed reload, in  0.715 seconds
Domain Reload Profiling:
	ReloadAssembly (716ms)
		BeginReloadAssembly (85ms)
			ExecutionOrderSort (0ms)
			DisableScriptedObjects (0ms)
			BackupInstance (0ms)
			ReleaseScriptingObjects (0ms)
			CreateAndSetChildDomain (1ms)
		EndReloadAssembly (506ms)
			LoadAssemblies (82ms)
			RebuildTransferFunctionScriptingTraits (0ms)
			SetupTypeCache (104ms)
			ReleaseScriptCaches (0ms)
			RebuildScriptCaches (27ms)
			SetupLoadedEditorAssemblies (315ms)
				LogAssemblyErrors (0ms)
				InitializePlatformSupportModulesInManaged (11ms)
				SetLoadedEditorAssemblies (0ms)
				RefreshPlugins (98ms)
				BeforeProcessingInitializeOnLoad (1ms)
				ProcessInitializeOnLoadAttributes (154ms)
				ProcessInitializeOnLoadMethodAttributes (50ms)
				AfterProcessingInitializeOnLoad (0ms)
				EditorAssembliesLoaded (0ms)
			ExecutionOrderSort2 (0ms)
			AwakeInstancesAfterBackupRestoration (0ms)
Platform modules already initialized, skipping
Registering precompiled user dll's ...
Registered in 0.014644 seconds.
Begin MonoManager ReloadAssembly
Native extension for WindowsStandalone target not found
Native extension for WebGL target not found
Refreshing native plugins compatible for Editor in 92.73 ms, found 4 plugins.
Preloading 0 native plugins for Editor in 0.00 ms.
DisplayProgressbar: Populating Wwise Picker
Mono: successfully reloaded assembly
- Completed reload, in  1.808 seconds
Domain Reload Profiling:
	ReloadAssembly (1809ms)
		BeginReloadAssembly (126ms)
			ExecutionOrderSort (0ms)
			DisableScriptedObjects (6ms)
			BackupInstance (0ms)
			ReleaseScriptingObjects (0ms)
			CreateAndSetChildDomain (22ms)
		EndReloadAssembly (1549ms)
			LoadAssemblies (111ms)
			RebuildTransferFunctionScriptingTraits (0ms)
			SetupTypeCache (307ms)
			ReleaseScriptCaches (1ms)
			RebuildScriptCaches (89ms)
			SetupLoadedEditorAssemblies (986ms)
				LogAssemblyErrors (0ms)
				InitializePlatformSupportModulesInManaged (7ms)
				SetLoadedEditorAssemblies (0ms)
				RefreshPlugins (93ms)
				BeforeProcessingInitializeOnLoad (132ms)
				ProcessInitializeOnLoadAttributes (617ms)
				ProcessInitializeOnLoadMethodAttributes (127ms)
				AfterProcessingInitializeOnLoad (10ms)
				EditorAssembliesLoaded (0ms)
			ExecutionOrderSort2 (0ms)
			AwakeInstancesAfterBackupRestoration (8ms)
Platform modules already initialized, skipping
========================================================================
Worker process is ready to serve import requests
Launched and connected shader compiler UnityShaderCompiler.exe after 0.06 seconds
Refreshing native plugins compatible for Editor in 1.44 ms, found 4 plugins.
Preloading 0 native plugins for Editor in 0.00 ms.
Unloading 5233 Unused Serialized files (Serialized files now loaded: 0)
Unloading 93 unused Assets / (1.4 MB). Loaded Objects now: 5650.
Memory consumption went from 218.7 MB to 217.3 MB.
Total: 5.709300 ms (FindLiveObjects: 0.470000 ms CreateObjectMapping: 0.193100 ms MarkObjects: 4.573100 ms  DeleteObjects: 0.471800 ms)

AssetImportParameters requested are different than current active one (requested -> active):
  custom:video-decoder-ogg-theora: a1e56fd34408186e4bbccfd4996cb3dc -> 
  custom:container-muxer-webm: aa71ff27fc2769a1b78a27578f13a17b -> 
  custom:container-demuxer-webm: 4f35f7cbe854078d1ac9338744f61a02 -> 
  custom:video-encoder-webm-vp8: eb34c28f22e8b96e1ab97ce403110664 -> 
  custom:video-codec-MediaFoundation-h265: 746d11721c4dcdbdad8f713fa42b33f4 -> 
  custom:audio-encoder-webm-vorbis: bf7c407c2cedff20999df2af8eb42d56 -> 
  custom:framework-win-MediaFoundation: 216162199b28c13a410421893ffa2e32 -> 
  custom:container-demuxer-ogg: 62fdf1f143b41e24485cea50d1cbac27 -> 
  custom:video-decoder-webm-vp8: 9c59270c3fd7afecdb556c50c9e8de78 -> 
  custom:audio-decoder-ogg-vorbis: bf7c407c2cedff20999df2af8eb42d56 -> 
========================================================================
Received Import Request.
  Time since last request: 154591.836930 seconds.
  path: Assets/Sprites/lisa_dash.png
  artifactKey: Guid(b141e26f68804874cab25d590792322e) Importer(815301076,1909f56bfc062723c751e8b465ee728b)
Start importing Assets/Sprites/lisa_dash.png using Guid(b141e26f68804874cab25d590792322e) Importer(815301076,1909f56bfc062723c751e8b465ee728b)  -> (artifact id: '7bbdbc8b663b6ee4fd5ebcc2bd062566') in 0.197452 seconds 
========================================================================
Received Import Request.
  Time since last request: 0.934293 seconds.
  path: Assets/Sprites/Environment
  artifactKey: Guid(4fdde9984ac6a63459f5615be65fc9fb) Importer(815301076,1909f56bfc062723c751e8b465ee728b)
Start importing Assets/Sprites/Environment using Guid(4fdde9984ac6a63459f5615be65fc9fb) Importer(815301076,1909f56bfc062723c751e8b465ee728b)  -> (artifact id: '8358c69ef1006da32b9bf510399ca100') in 0.005631 seconds 
========================================================================
Received Import Request.
  Time since last request: 0.360596 seconds.
  path: Assets/Sprites/Lisa Anims
  artifactKey: Guid(55293e8d693cabc43840807daf8bc2cf) Importer(815301076,1909f56bfc062723c751e8b465ee728b)
Start importing Assets/Sprites/Lisa Anims using Guid(55293e8d693cabc43840807daf8bc2cf) Importer(815301076,1909f56bfc062723c751e8b465ee728b)  -> (artifact id: '1c988525258d3bab0c632f71e5f71f16') in 0.006290 seconds 
========================================================================
Received Import Request.
  Time since last request: 0.058117 seconds.
  path: Assets/Sprites/Lisa Anims/Crouch_Idle.png
  artifactKey: Guid(84480135a90a8cd4da2fddebcccedca8) Importer(815301076,1909f56bfc062723c751e8b465ee728b)
Start importing Assets/Sprites/Lisa Anims/Crouch_Idle.png using Guid(84480135a90a8cd4da2fddebcccedca8) Importer(815301076,1909f56bfc062723c751e8b465ee728b)  -> (artifact id: '72775da1a5f3c090535c3ba6ab38218b') in 0.247358 seconds 
========================================================================
Received Import Request.
  Time since last request: 0.000027 seconds.
  path: Assets/Sprites/Lisa Anims/S_standing_2.png
  artifactKey: Guid(edfe8e6334c326a48ab75f6fc16b9492) Importer(815301076,1909f56bfc062723c751e8b465ee728b)
Start importing Assets/Sprites/Lisa Anims/S_standing_2.png using Guid(edfe8e6334c326a48ab75f6fc16b9492) Importer(815301076,1909f56bfc062723c751e8b465ee728b)  -> (artifact id: '931898240a6a790fffaf36ab33f8064a') in 0.181221 seconds 
========================================================================
Received Import Request.
  Time since last request: 0.000047 seconds.
  path: Assets/Sprites/Lisa Anims/H_standing_3.png
  artifactKey: Guid(7920d7479f5cec94299a025dfc634d66) Importer(815301076,1909f56bfc062723c751e8b465ee728b)
Start importing Assets/Sprites/Lisa Anims/H_standing_3.png using Guid(7920d7479f5cec94299a025dfc634d66) Importer(815301076,1909f56bfc062723c751e8b465ee728b)  -> (artifact id: 'bab98d36b75468acaf6eaaf97d3df4a1') in 0.196829 seconds 
========================================================================
Received Import Request.
  Time since last request: 0.000030 seconds.
  path: Assets/Sprites/Lisa Anims/H_standing_2.png
  artifactKey: Guid(5163dd7d653e93b40ba3283249266455) Importer(815301076,1909f56bfc062723c751e8b465ee728b)
Start importing Assets/Sprites/Lisa Anims/H_standing_2.png using Guid(5163dd7d653e93b40ba3283249266455) Importer(815301076,1909f56bfc062723c751e8b465ee728b)  -> (artifact id: 'e90b2cce36ad596a246927bd9d2b5b49') in 0.172666 seconds 
========================================================================
Received Import Request.
  Time since last request: 0.000099 seconds.
  path: Assets/Sprites/Lisa Anims/S_standing_1.png
  artifactKey: Guid(7743612e112e9b54d8c43615bd8ef3c0) Importer(815301076,1909f56bfc062723c751e8b465ee728b)
Start importing Assets/Sprites/Lisa Anims/S_standing_1.png using Guid(7743612e112e9b54d8c43615bd8ef3c0) Importer(815301076,1909f56bfc062723c751e8b465ee728b)  -> (artifact id: '76858ee1556dcd9242f9981aa9dad51c') in 0.154519 seconds 
========================================================================
Received Import Request.
  Time since last request: 0.000023 seconds.
  path: Assets/Sprites/Lisa Anims/Jump_Fall.png
  artifactKey: Guid(9cc0241e171b03e48933fee0f607d46d) Importer(815301076,1909f56bfc062723c751e8b465ee728b)
Start importing Assets/Sprites/Lisa Anims/Jump_Fall.png using Guid(9cc0241e171b03e48933fee0f607d46d) Importer(815301076,1909f56bfc062723c751e8b465ee728b)  -> (artifact id: 'cdc11210fee14f6ecd1926db36edef8a') in 0.161804 seconds 
========================================================================
Received Import Request.
  Time since last request: 0.000030 seconds.
  path: Assets/Sprites/Lisa Anims/M_standing_3.png
  artifactKey: Guid(951e96b4d2dcce14583ebc2c6fa1487b) Importer(815301076,1909f56bfc062723c751e8b465ee728b)
Start importing Assets/Sprites/Lisa Anims/M_standing_3.png using Guid(951e96b4d2dcce14583ebc2c6fa1487b) Importer(815301076,1909f56bfc062723c751e8b465ee728b)  -> (artifact id: 'baa61de8c3fbef45ce7681396d52a596') in 0.175759 seconds 
========================================================================
Received Import Request.
  Time since last request: 0.000035 seconds.
  path: Assets/Sprites/Lisa Anims/Jump_Up.png
  artifactKey: Guid(bb16834b5d9600f4ab268d0d89fe29db) Importer(815301076,1909f56bfc062723c751e8b465ee728b)
Start importing Assets/Sprites/Lisa Anims/Jump_Up.png using Guid(bb16834b5d9600f4ab268d0d89fe29db) Importer(815301076,1909f56bfc062723c751e8b465ee728b)  -> (artifact id: '11ac13db009a05d0a8ea2d77be90afbc') in 0.153659 seconds 
========================================================================
Received Import Request.
  Time since last request: 0.000021 seconds.
  path: Assets/Sprites/Lisa Anims/L_standing_1.png
  artifactKey: Guid(b169cdc02f088014c87d686d0511f60f) Importer(815301076,1909f56bfc062723c751e8b465ee728b)
Start importing Assets/Sprites/Lisa Anims/L_standing_1.png using Guid(b169cdc02f088014c87d686d0511f60f) Importer(815301076,1909f56bfc062723c751e8b465ee728b)  -> (artifact id: 'e0add7c55e22fc699655690ad61e55b6') in 0.165453 seconds 
========================================================================
Received Import Request.
  Time since last request: 0.000035 seconds.
  path: Assets/Sprites/Lisa Anims/L_crouch_1.png
  artifactKey: Guid(83112e89131afde4cb77a1ec8a5c8768) Importer(815301076,1909f56bfc062723c751e8b465ee728b)
Start importing Assets/Sprites/Lisa Anims/L_crouch_1.png using Guid(83112e89131afde4cb77a1ec8a5c8768) Importer(815301076,1909f56bfc062723c751e8b465ee728b)  -> (artifact id: '5f91d657f320a9908049c53fa549db49') in 0.158780 seconds 
========================================================================
Received Import Request.
  Time since last request: 0.000030 seconds.
  path: Assets/Sprites/Lisa Anims/Jump_Idle.png
  artifactKey: Guid(5eaf53131d442494f8ce2e4982f25d7d) Importer(815301076,1909f56bfc062723c751e8b465ee728b)
Start importing Assets/Sprites/Lisa Anims/Jump_Idle.png using Guid(5eaf53131d442494f8ce2e4982f25d7d) Importer(815301076,1909f56bfc062723c751e8b465ee728b)  -> (artifact id: 'fd8cb3c004f27f1649b0cb14238ed884') in 0.161362 seconds 
========================================================================
Received Import Request.
  Time since last request: 0.000021 seconds.
  path: Assets/Sprites/Lisa Anims/S_standing_4.png
  artifactKey: Guid(ef1ff56ecf599844b9db16ede2b05764) Importer(815301076,1909f56bfc062723c751e8b465ee728b)
Start importing Assets/Sprites/Lisa Anims/S_standing_4.png using Guid(ef1ff56ecf599844b9db16ede2b05764) Importer(815301076,1909f56bfc062723c751e8b465ee728b)  -> (artifact id: 'df6a7cca13a980451f606e79267c0b9f') in 0.150801 seconds 
========================================================================
Received Import Request.
  Time since last request: 0.000021 seconds.
  path: Assets/Sprites/Lisa Anims/M_standing_1.png
  artifactKey: Guid(8a6e5014956b83548ad41e2a0b69f6dd) Importer(815301076,1909f56bfc062723c751e8b465ee728b)
Start importing Assets/Sprites/Lisa Anims/M_standing_1.png using Guid(8a6e5014956b83548ad41e2a0b69f6dd) Importer(815301076,1909f56bfc062723c751e8b465ee728b)  -> (artifact id: '7274cf7d47b952961dd7692f14f44158') in 0.160332 seconds 
========================================================================
Received Import Request.
  Time since last request: 1.478286 seconds.
  path: Assets/Characters
  artifactKey: Guid(d4d0d4329529e4349bc81088f1da1c7b) Importer(815301076,1909f56bfc062723c751e8b465ee728b)
Start importing Assets/Characters using Guid(d4d0d4329529e4349bc81088f1da1c7b) Importer(815301076,1909f56bfc062723c751e8b465ee728b)  -> (artifact id: '196eb74db209ca72f5caa21470a7799f') in 0.003685 seconds 
========================================================================
Received Import Request.
  Time since last request: 0.710206 seconds.
  path: Assets/Characters/N_Lisa
  artifactKey: Guid(addd041d8cfb4b64b8a597a26aca13e5) Importer(815301076,1909f56bfc062723c751e8b465ee728b)
Start importing Assets/Characters/N_Lisa using Guid(addd041d8cfb4b64b8a597a26aca13e5) Importer(815301076,1909f56bfc062723c751e8b465ee728b)  -> (artifact id: '07b59c9752e5d6441ad1ab8611f11d41') in 0.003900 seconds 
========================================================================
Received Import Request.
  Time since last request: 0.043007 seconds.
  path: Assets/Characters/N_Lisa/nlisa_idle_1.png
  artifactKey: Guid(c00a92d5dac035e45b319d876f8f617b) Importer(815301076,1909f56bfc062723c751e8b465ee728b)
Start importing Assets/Characters/N_Lisa/nlisa_idle_1.png using Guid(c00a92d5dac035e45b319d876f8f617b) Importer(815301076,1909f56bfc062723c751e8b465ee728b)  -> (artifact id: 'a7250725225c9c3eb4e9c9f0ddf0ca19') in 0.167344 seconds 
========================================================================
Received Import Request.
  Time since last request: 0.000027 seconds.
  path: Assets/Characters/N_Lisa/nlisa_neutral_start_2.png
  artifactKey: Guid(dd1fc297fd0f3d64bacf70315bc7f210) Importer(815301076,1909f56bfc062723c751e8b465ee728b)
Start importing Assets/Characters/N_Lisa/nlisa_neutral_start_2.png using Guid(dd1fc297fd0f3d64bacf70315bc7f210) Importer(815301076,1909f56bfc062723c751e8b465ee728b)  -> (artifact id: '5400ab99ceea97ed8f0c62c0d3a338cc') in 0.179592 seconds 
========================================================================
Received Import Request.
  Time since last request: 0.000044 seconds.
  path: Assets/Characters/N_Lisa/nlisa_idle_3.png
  artifactKey: Guid(e95c4ca1df3f6f64985b38ff62276e36) Importer(815301076,1909f56bfc062723c751e8b465ee728b)
Start importing Assets/Characters/N_Lisa/nlisa_idle_3.png using Guid(e95c4ca1df3f6f64985b38ff62276e36) Importer(815301076,1909f56bfc062723c751e8b465ee728b)  -> (artifact id: '03cac0fd3c8c28193684a1112569e8b1') in 0.171482 seconds 
========================================================================
Received Import Request.
  Time since last request: 0.000025 seconds.
  path: Assets/Characters/N_Lisa/nlisa_neutral_start_3.png
  artifactKey: Guid(e8374aeb4d1806d4a969a16a8436d025) Importer(815301076,1909f56bfc062723c751e8b465ee728b)
Start importing Assets/Characters/N_Lisa/nlisa_neutral_start_3.png using Guid(e8374aeb4d1806d4a969a16a8436d025) Importer(815301076,1909f56bfc062723c751e8b465ee728b)  -> (artifact id: '92147b3d2feca4c273b308aef1cd13d3') in 0.191174 seconds 
========================================================================
Received Import Request.
  Time since last request: 0.000028 seconds.
  path: Assets/Characters/N_Lisa/nlisa_neutral_medium_4.png
  artifactKey: Guid(1a86ef8e97ccb6a4c8851f4e6f8a4c60) Importer(815301076,1909f56bfc062723c751e8b465ee728b)
Start importing Assets/Characters/N_Lisa/nlisa_neutral_medium_4.png using Guid(1a86ef8e97ccb6a4c8851f4e6f8a4c60) Importer(815301076,1909f56bfc062723c751e8b465ee728b)  -> (artifact id: 'a5a3055195404fcabda71973901dc633') in 0.193803 seconds 
========================================================================
Received Import Request.
  Time since last request: 0.000037 seconds.
  path: Assets/Characters/N_Lisa/nlisa_neutral_heavy_2.png
  artifactKey: Guid(6ae4e51328220c04b9c4d6008a1a35d7) Importer(815301076,1909f56bfc062723c751e8b465ee728b)
Start importing Assets/Characters/N_Lisa/nlisa_neutral_heavy_2.png using Guid(6ae4e51328220c04b9c4d6008a1a35d7) Importer(815301076,1909f56bfc062723c751e8b465ee728b)  -> (artifact id: 'e6ec4fd711a5a9a0ba28fee08aa3e443') in 0.182655 seconds 
========================================================================
Received Import Request.
  Time since last request: 0.000033 seconds.
  path: Assets/Characters/N_Lisa/nlisa_neutral_heavy_3.png
  artifactKey: Guid(538f2587ff9d64f449f755863885d823) Importer(815301076,1909f56bfc062723c751e8b465ee728b)
Start importing Assets/Characters/N_Lisa/nlisa_neutral_heavy_3.png using Guid(538f2587ff9d64f449f755863885d823) Importer(815301076,1909f56bfc062723c751e8b465ee728b)  -> (artifact id: '9f9657e37f2688576e2f5fd0bb855af2') in 0.171717 seconds 
========================================================================
Received Import Request.
  Time since last request: 0.000028 seconds.
  path: Assets/Characters/N_Lisa/animations
  artifactKey: Guid(272cd8ba0882d3b468c3094111340629) Importer(815301076,1909f56bfc062723c751e8b465ee728b)
Start importing Assets/Characters/N_Lisa/animations using Guid(272cd8ba0882d3b468c3094111340629) Importer(815301076,1909f56bfc062723c751e8b465ee728b)  -> (artifact id: '3cff0013d142b4d0e84acaa96254b96b') in 0.004080 seconds 
Editor requested this worker to shutdown with reason: Scaling down because of idle timeout
AssetImportWorker is now disconnected from the server
Process exiting
Exiting without the bug reporter. Application will terminate with return code 0