Using pre-set license
Built from '2021.3/staging' branch; Version is '2021.3.10f1 (1c7d0df0160b) revision 1867021'; Using compiler version '192829333'; Build Type 'Release'
OS: 'Windows 10  (10.0.19044) 64bit Core' Language: 'en' Physical Memory: 15776 MB
BatchMode: 1, IsHumanControllingUs: 0, StartBugReporterOnCrash: 0, Is64bit: 1, IsPro: 1

COMMAND LINE ARGUMENTS:
C:\Program Files\Unity\Hub\Editor\2021.3.10f1\Editor\Unity.exe
-adb2
-batchMode
-noUpm
-name
AssetImportWorker7
-projectPath
C:/Users/johne/Documents/GitHub Repos/HyperStars/HyperStars
-logFile
Logs/AssetImportWorker7.log
-srvPort
58021
Successfully changed project path to: C:/Users/johne/Documents/GitHub Repos/HyperStars/HyperStars
C:/Users/johne/Documents/GitHub Repos/HyperStars/HyperStars
[UnityMemory] Configuration Parameters - Can be set up in boot.config
    "memorysetup-bucket-allocator-granularity=16"
    "memorysetup-bucket-allocator-bucket-count=8"
    "memorysetup-bucket-allocator-block-size=33554432"
    "memorysetup-bucket-allocator-block-count=8"
    "memorysetup-main-allocator-block-size=16777216"
    "memorysetup-thread-allocator-block-size=16777216"
    "memorysetup-gfx-main-allocator-block-size=16777216"
    "memorysetup-gfx-thread-allocator-block-size=16777216"
    "memorysetup-cache-allocator-block-size=4194304"
    "memorysetup-typetree-allocator-block-size=2097152"
    "memorysetup-profiler-bucket-allocator-granularity=16"
    "memorysetup-profiler-bucket-allocator-bucket-count=8"
    "memorysetup-profiler-bucket-allocator-block-size=33554432"
    "memorysetup-profiler-bucket-allocator-block-count=8"
    "memorysetup-profiler-allocator-block-size=16777216"
    "memorysetup-profiler-editor-allocator-block-size=1048576"
    "memorysetup-temp-allocator-size-main=16777216"
    "memorysetup-job-temp-allocator-block-size=2097152"
    "memorysetup-job-temp-allocator-block-size-background=1048576"
    "memorysetup-job-temp-allocator-reduction-small-platforms=262144"
    "memorysetup-temp-allocator-size-background-worker=32768"
    "memorysetup-temp-allocator-size-job-worker=262144"
    "memorysetup-temp-allocator-size-preload-manager=33554432"
    "memorysetup-temp-allocator-size-nav-mesh-worker=65536"
    "memorysetup-temp-allocator-size-audio-worker=65536"
    "memorysetup-temp-allocator-size-cloud-worker=32768"
    "memorysetup-temp-allocator-size-gi-baking-worker=262144"
    "memorysetup-temp-allocator-size-gfx=262144"
Refreshing native plugins compatible for Editor in 220.35 ms, found 4 plugins.
Preloading 0 native plugins for Editor in 0.00 ms.
Initialize engine version: 2021.3.10f1 (1c7d0df0160b)
[Subsystems] Discovering subsystems at path C:/Program Files/Unity/Hub/Editor/2021.3.10f1/Editor/Data/Resources/UnitySubsystems
[Subsystems] Discovering subsystems at path C:/Users/johne/Documents/GitHub Repos/HyperStars/HyperStars/Assets
GfxDevice: creating device client; threaded=0; jobified=0
Direct3D:
    Version:  Direct3D 11.0 [level 11.1]
    Renderer: NVIDIA GeForce RTX 3070 Laptop GPU (ID=0x249d)
    Vendor:   NVIDIA
    VRAM:     8044 MB
    Driver:   31.0.15.1659
Initialize mono
Mono path[0] = 'C:/Program Files/Unity/Hub/Editor/2021.3.10f1/Editor/Data/Managed'
Mono path[1] = 'C:/Program Files/Unity/Hub/Editor/2021.3.10f1/Editor/Data/MonoBleedingEdge/lib/mono/unityjit-win32'
Mono config path = 'C:/Program Files/Unity/Hub/Editor/2021.3.10f1/Editor/Data/MonoBleedingEdge/etc'
Using monoOptions --debugger-agent=transport=dt_socket,embedding=1,server=y,suspend=n,address=127.0.0.1:56468
Begin MonoManager ReloadAssembly
Registering precompiled unity dll's ...
Register platform support module: C:/Program Files/Unity/Hub/Editor/2021.3.10f1/Editor/Data/PlaybackEngines/WebGLSupport/UnityEditor.WebGL.Extensions.dll
Register platform support module: C:/Program Files/Unity/Hub/Editor/2021.3.10f1/Editor/Data/PlaybackEngines/WindowsStandaloneSupport/UnityEditor.WindowsStandalone.Extensions.dll
Registered in 0.012462 seconds.
Native extension for WindowsStandalone target not found
Native extension for WebGL target not found
Refreshing native plugins compatible for Editor in 99.62 ms, found 4 plugins.
Preloading 0 native plugins for Editor in 0.00 ms.
Mono: successfully reloaded assembly
- Completed reload, in  0.786 seconds
Domain Reload Profiling:
	ReloadAssembly (787ms)
		BeginReloadAssembly (119ms)
			ExecutionOrderSort (0ms)
			DisableScriptedObjects (0ms)
			BackupInstance (0ms)
			ReleaseScriptingObjects (0ms)
			CreateAndSetChildDomain (1ms)
		EndReloadAssembly (538ms)
			LoadAssemblies (117ms)
			RebuildTransferFunctionScriptingTraits (0ms)
			SetupTypeCache (103ms)
			ReleaseScriptCaches (0ms)
			RebuildScriptCaches (29ms)
			SetupLoadedEditorAssemblies (339ms)
				LogAssemblyErrors (0ms)
				InitializePlatformSupportModulesInManaged (11ms)
				SetLoadedEditorAssemblies (0ms)
				RefreshPlugins (100ms)
				BeforeProcessingInitializeOnLoad (2ms)
				ProcessInitializeOnLoadAttributes (168ms)
				ProcessInitializeOnLoadMethodAttributes (58ms)
				AfterProcessingInitializeOnLoad (0ms)
				EditorAssembliesLoaded (0ms)
			ExecutionOrderSort2 (0ms)
			AwakeInstancesAfterBackupRestoration (0ms)
Platform modules already initialized, skipping
Registering precompiled user dll's ...
Registered in 0.012008 seconds.
Begin MonoManager ReloadAssembly
Native extension for WindowsStandalone target not found
Native extension for WebGL target not found
Refreshing native plugins compatible for Editor in 99.35 ms, found 4 plugins.
Preloading 0 native plugins for Editor in 0.00 ms.
DisplayProgressbar: Populating Wwise Picker
Mono: successfully reloaded assembly
- Completed reload, in  2.024 seconds
Domain Reload Profiling:
	ReloadAssembly (2024ms)
		BeginReloadAssembly (138ms)
			ExecutionOrderSort (0ms)
			DisableScriptedObjects (6ms)
			BackupInstance (0ms)
			ReleaseScriptingObjects (0ms)
			CreateAndSetChildDomain (25ms)
		EndReloadAssembly (1753ms)
			LoadAssemblies (169ms)
			RebuildTransferFunctionScriptingTraits (0ms)
			SetupTypeCache (292ms)
			ReleaseScriptCaches (1ms)
			RebuildScriptCaches (88ms)
			SetupLoadedEditorAssemblies (1161ms)
				LogAssemblyErrors (0ms)
				InitializePlatformSupportModulesInManaged (7ms)
				SetLoadedEditorAssemblies (0ms)
				RefreshPlugins (99ms)
				BeforeProcessingInitializeOnLoad (161ms)
				ProcessInitializeOnLoadAttributes (741ms)
				ProcessInitializeOnLoadMethodAttributes (142ms)
				AfterProcessingInitializeOnLoad (10ms)
				EditorAssembliesLoaded (0ms)
			ExecutionOrderSort2 (0ms)
			AwakeInstancesAfterBackupRestoration (7ms)
Platform modules already initialized, skipping
========================================================================
Worker process is ready to serve import requests
Launched and connected shader compiler UnityShaderCompiler.exe after 0.06 seconds
Refreshing native plugins compatible for Editor in 2.67 ms, found 4 plugins.
Preloading 0 native plugins for Editor in 0.00 ms.
Unloading 5233 Unused Serialized files (Serialized files now loaded: 0)
Unloading 93 unused Assets / (1.4 MB). Loaded Objects now: 5650.
Memory consumption went from 218.7 MB to 217.3 MB.
Total: 6.683100 ms (FindLiveObjects: 0.544100 ms CreateObjectMapping: 0.255400 ms MarkObjects: 5.297400 ms  DeleteObjects: 0.585100 ms)

AssetImportParameters requested are different than current active one (requested -> active):
  custom:video-decoder-ogg-theora: a1e56fd34408186e4bbccfd4996cb3dc -> 
  custom:container-muxer-webm: aa71ff27fc2769a1b78a27578f13a17b -> 
  custom:container-demuxer-webm: 4f35f7cbe854078d1ac9338744f61a02 -> 
  custom:video-encoder-webm-vp8: eb34c28f22e8b96e1ab97ce403110664 -> 
  custom:video-codec-MediaFoundation-h265: 746d11721c4dcdbdad8f713fa42b33f4 -> 
  custom:audio-encoder-webm-vorbis: bf7c407c2cedff20999df2af8eb42d56 -> 
  custom:framework-win-MediaFoundation: 216162199b28c13a410421893ffa2e32 -> 
  custom:container-demuxer-ogg: 62fdf1f143b41e24485cea50d1cbac27 -> 
  custom:video-decoder-webm-vp8: 9c59270c3fd7afecdb556c50c9e8de78 -> 
  custom:audio-decoder-ogg-vorbis: bf7c407c2cedff20999df2af8eb42d56 -> 
========================================================================
Received Import Request.
  Time since last request: 155113.881011 seconds.
  path: Assets/Characters/N_Lisa/NormalAttacks/GroundCombo/lisa_normal_combo19.png
  artifactKey: Guid(b3325e988b4304f46aba4959b849d368) Importer(815301076,1909f56bfc062723c751e8b465ee728b)
Start importing Assets/Characters/N_Lisa/NormalAttacks/GroundCombo/lisa_normal_combo19.png using Guid(b3325e988b4304f46aba4959b849d368) Importer(815301076,1909f56bfc062723c751e8b465ee728b)  -> (artifact id: '46e5d48dd28ed2aebf8b8a9a57299b8a') in 2.061727 seconds 
========================================================================
Received Import Request.
  Time since last request: 0.000091 seconds.
  path: Assets/Characters/N_Lisa/NormalAttacks/GroundCombo/lisa_normal_combo31.png
  artifactKey: Guid(6a7ecd037243e9f4fa2592c53f10715e) Importer(815301076,1909f56bfc062723c751e8b465ee728b)
Start importing Assets/Characters/N_Lisa/NormalAttacks/GroundCombo/lisa_normal_combo31.png using Guid(6a7ecd037243e9f4fa2592c53f10715e) Importer(815301076,1909f56bfc062723c751e8b465ee728b)  -> (artifact id: 'b7d4a2faf382465d3fa0ab653a841935') in 1.359732 seconds 
========================================================================
Received Import Request.
  Time since last request: 0.000045 seconds.
  path: Assets/Characters/N_Lisa/NormalAttacks/GroundCombo/lisa_normal_combo37.png
  artifactKey: Guid(f03a2a620d1deb449b4cb9366adef33d) Importer(815301076,1909f56bfc062723c751e8b465ee728b)
Start importing Assets/Characters/N_Lisa/NormalAttacks/GroundCombo/lisa_normal_combo37.png using Guid(f03a2a620d1deb449b4cb9366adef33d) Importer(815301076,1909f56bfc062723c751e8b465ee728b)  -> (artifact id: '5fdf5783e9fce54ced7782a4e2411853') in 1.276920 seconds 
========================================================================
Received Import Request.
  Time since last request: 0.000037 seconds.
  path: Assets/Characters/N_Lisa/NormalAttacks/GroundCombo/lisa_normal_combo1.png
  artifactKey: Guid(db1bed3fd0d22a243a3ab88bda92ba7e) Importer(815301076,1909f56bfc062723c751e8b465ee728b)
Start importing Assets/Characters/N_Lisa/NormalAttacks/GroundCombo/lisa_normal_combo1.png using Guid(db1bed3fd0d22a243a3ab88bda92ba7e) Importer(815301076,1909f56bfc062723c751e8b465ee728b)  -> (artifact id: '88afb2a57e776494ab2b39e3fa2a9ec2') in 1.335899 seconds 
========================================================================
Received Import Request.
  Time since last request: 0.000036 seconds.
  path: Assets/Characters/N_Lisa/NormalAttacks/GroundCombo/lisa_normal_combo57.png
  artifactKey: Guid(aa8315bab0594b7449f06ee9d84f3f42) Importer(815301076,1909f56bfc062723c751e8b465ee728b)
Start importing Assets/Characters/N_Lisa/NormalAttacks/GroundCombo/lisa_normal_combo57.png using Guid(aa8315bab0594b7449f06ee9d84f3f42) Importer(815301076,1909f56bfc062723c751e8b465ee728b)  -> (artifact id: 'e8d9fbe930d567e3e06bc426a2b06082') in 1.476037 seconds 
========================================================================
Received Import Request.
  Time since last request: 0.000035 seconds.
  path: Assets/Characters/N_Lisa/NormalAttacks/GroundCombo/lisa_normal_combo7.png
  artifactKey: Guid(1c03d89caa7c4be4db6c5430613c838a) Importer(815301076,1909f56bfc062723c751e8b465ee728b)
Start importing Assets/Characters/N_Lisa/NormalAttacks/GroundCombo/lisa_normal_combo7.png using Guid(1c03d89caa7c4be4db6c5430613c838a) Importer(815301076,1909f56bfc062723c751e8b465ee728b)  -> (artifact id: 'd987eb16543d16d67866b3a0d54a82af') in 1.335106 seconds 
========================================================================
Received Import Request.
  Time since last request: 0.000029 seconds.
  path: Assets/Characters/N_Lisa/NormalAttacks/GroundCombo/lisa_normal_combo52.png
  artifactKey: Guid(591c022db33a9674e9bd70c6562cab61) Importer(815301076,1909f56bfc062723c751e8b465ee728b)
Start importing Assets/Characters/N_Lisa/NormalAttacks/GroundCombo/lisa_normal_combo52.png using Guid(591c022db33a9674e9bd70c6562cab61) Importer(815301076,1909f56bfc062723c751e8b465ee728b)  -> (artifact id: '54410b5912dc6deae34a0a6a69e19306') in 1.387499 seconds 
========================================================================
Received Import Request.
  Time since last request: 0.000042 seconds.
  path: Assets/Characters/N_Lisa/NormalAttacks/GroundCombo/lisa_normal_combo5.png
  artifactKey: Guid(65d4b85e1e28c1d4292d8c8da8183af7) Importer(815301076,1909f56bfc062723c751e8b465ee728b)
Start importing Assets/Characters/N_Lisa/NormalAttacks/GroundCombo/lisa_normal_combo5.png using Guid(65d4b85e1e28c1d4292d8c8da8183af7) Importer(815301076,1909f56bfc062723c751e8b465ee728b)  -> (artifact id: '9e13702d4f522e2323ad46056fba1fd0') in 1.361849 seconds 
========================================================================
Received Import Request.
  Time since last request: 0.000032 seconds.
  path: Assets/Characters/N_Lisa/NormalAttacks/GroundCombo/lisa_normal_combo54.png
  artifactKey: Guid(9c065808a7578544ebd66f6e36dec1c8) Importer(815301076,1909f56bfc062723c751e8b465ee728b)
Start importing Assets/Characters/N_Lisa/NormalAttacks/GroundCombo/lisa_normal_combo54.png using Guid(9c065808a7578544ebd66f6e36dec1c8) Importer(815301076,1909f56bfc062723c751e8b465ee728b)  -> (artifact id: '7f5f5f11933ee8358e231bda7565e319') in 1.401008 seconds 
========================================================================
Received Import Request.
  Time since last request: 0.000031 seconds.
  path: Assets/Characters/N_Lisa/NormalAttacks/GroundCombo/lisa_normal_combo22.png
  artifactKey: Guid(c7b1e4aea45990e49acca0d2b4cc7718) Importer(815301076,1909f56bfc062723c751e8b465ee728b)
Start importing Assets/Characters/N_Lisa/NormalAttacks/GroundCombo/lisa_normal_combo22.png using Guid(c7b1e4aea45990e49acca0d2b4cc7718) Importer(815301076,1909f56bfc062723c751e8b465ee728b)  -> (artifact id: 'd011d68cb73eb3b620ea01ba879eee38') in 1.314204 seconds 
========================================================================
Received Import Request.
  Time since last request: 0.000042 seconds.
  path: Assets/Characters/N_Lisa/NormalAttacks/GroundCombo/lisa_normal_combo42.png
  artifactKey: Guid(0cf855f927d52a84f89772a5a2332bd2) Importer(815301076,1909f56bfc062723c751e8b465ee728b)
Start importing Assets/Characters/N_Lisa/NormalAttacks/GroundCombo/lisa_normal_combo42.png using Guid(0cf855f927d52a84f89772a5a2332bd2) Importer(815301076,1909f56bfc062723c751e8b465ee728b)  -> (artifact id: '19e1609a6990854190f7e4c0ab8e9d99') in 1.235735 seconds 
========================================================================
Received Import Request.
  Time since last request: 0.000034 seconds.
  path: Assets/Characters/N_Lisa/NormalAttacks/GroundCombo/lisa_normal_combo23.png
  artifactKey: Guid(80e9241123a86c644815dd4aa64dcf0f) Importer(815301076,1909f56bfc062723c751e8b465ee728b)
Start importing Assets/Characters/N_Lisa/NormalAttacks/GroundCombo/lisa_normal_combo23.png using Guid(80e9241123a86c644815dd4aa64dcf0f) Importer(815301076,1909f56bfc062723c751e8b465ee728b)  -> (artifact id: '7a9b6a06f452dd255c490c40f2122105') in 1.282290 seconds 
Editor requested this worker to shutdown with reason: Scaling down because of idle timeout
AssetImportWorker is now disconnected from the server
Process exiting
Exiting without the bug reporter. Application will terminate with return code 0