Using pre-set license
Built from '2021.3/staging' branch; Version is '2021.3.10f1 (1c7d0df0160b) revision 1867021'; Using compiler version '192829333'; Build Type 'Release'
OS: 'Windows 10  (10.0.19044) 64bit Core' Language: 'en' Physical Memory: 15776 MB
BatchMode: 1, IsHumanControllingUs: 0, StartBugReporterOnCrash: 0, Is64bit: 1, IsPro: 1

COMMAND LINE ARGUMENTS:
C:\Program Files\Unity\Hub\Editor\2021.3.10f1\Editor\Unity.exe
-adb2
-batchMode
-noUpm
-name
AssetImportWorker1
-projectPath
C:/Users/johne/Documents/GitHub Repos/HyperStars/HyperStars
-logFile
Logs/AssetImportWorker1.log
-srvPort
58021
Successfully changed project path to: C:/Users/johne/Documents/GitHub Repos/HyperStars/HyperStars
C:/Users/johne/Documents/GitHub Repos/HyperStars/HyperStars
[UnityMemory] Configuration Parameters - Can be set up in boot.config
    "memorysetup-bucket-allocator-granularity=16"
    "memorysetup-bucket-allocator-bucket-count=8"
    "memorysetup-bucket-allocator-block-size=33554432"
    "memorysetup-bucket-allocator-block-count=8"
    "memorysetup-main-allocator-block-size=16777216"
    "memorysetup-thread-allocator-block-size=16777216"
    "memorysetup-gfx-main-allocator-block-size=16777216"
    "memorysetup-gfx-thread-allocator-block-size=16777216"
    "memorysetup-cache-allocator-block-size=4194304"
    "memorysetup-typetree-allocator-block-size=2097152"
    "memorysetup-profiler-bucket-allocator-granularity=16"
    "memorysetup-profiler-bucket-allocator-bucket-count=8"
    "memorysetup-profiler-bucket-allocator-block-size=33554432"
    "memorysetup-profiler-bucket-allocator-block-count=8"
    "memorysetup-profiler-allocator-block-size=16777216"
    "memorysetup-profiler-editor-allocator-block-size=1048576"
    "memorysetup-temp-allocator-size-main=16777216"
    "memorysetup-job-temp-allocator-block-size=2097152"
    "memorysetup-job-temp-allocator-block-size-background=1048576"
    "memorysetup-job-temp-allocator-reduction-small-platforms=262144"
    "memorysetup-temp-allocator-size-background-worker=32768"
    "memorysetup-temp-allocator-size-job-worker=262144"
    "memorysetup-temp-allocator-size-preload-manager=33554432"
    "memorysetup-temp-allocator-size-nav-mesh-worker=65536"
    "memorysetup-temp-allocator-size-audio-worker=65536"
    "memorysetup-temp-allocator-size-cloud-worker=32768"
    "memorysetup-temp-allocator-size-gi-baking-worker=262144"
    "memorysetup-temp-allocator-size-gfx=262144"
Refreshing native plugins compatible for Editor in 103.18 ms, found 4 plugins.
Preloading 0 native plugins for Editor in 0.00 ms.
Initialize engine version: 2021.3.10f1 (1c7d0df0160b)
[Subsystems] Discovering subsystems at path C:/Program Files/Unity/Hub/Editor/2021.3.10f1/Editor/Data/Resources/UnitySubsystems
[Subsystems] Discovering subsystems at path C:/Users/johne/Documents/GitHub Repos/HyperStars/HyperStars/Assets
GfxDevice: creating device client; threaded=0; jobified=0
Direct3D:
    Version:  Direct3D 11.0 [level 11.1]
    Renderer: NVIDIA GeForce RTX 3070 Laptop GPU (ID=0x249d)
    Vendor:   NVIDIA
    VRAM:     8044 MB
    Driver:   31.0.15.1659
Initialize mono
Mono path[0] = 'C:/Program Files/Unity/Hub/Editor/2021.3.10f1/Editor/Data/Managed'
Mono path[1] = 'C:/Program Files/Unity/Hub/Editor/2021.3.10f1/Editor/Data/MonoBleedingEdge/lib/mono/unityjit-win32'
Mono config path = 'C:/Program Files/Unity/Hub/Editor/2021.3.10f1/Editor/Data/MonoBleedingEdge/etc'
Using monoOptions --debugger-agent=transport=dt_socket,embedding=1,server=y,suspend=n,address=127.0.0.1:56768
Begin MonoManager ReloadAssembly
Registering precompiled unity dll's ...
Register platform support module: C:/Program Files/Unity/Hub/Editor/2021.3.10f1/Editor/Data/PlaybackEngines/WebGLSupport/UnityEditor.WebGL.Extensions.dll
Register platform support module: C:/Program Files/Unity/Hub/Editor/2021.3.10f1/Editor/Data/PlaybackEngines/WindowsStandaloneSupport/UnityEditor.WindowsStandalone.Extensions.dll
Registered in 0.010852 seconds.
Native extension for WindowsStandalone target not found
Native extension for WebGL target not found
Refreshing native plugins compatible for Editor in 94.45 ms, found 4 plugins.
Preloading 0 native plugins for Editor in 0.00 ms.
Mono: successfully reloaded assembly
- Completed reload, in  0.714 seconds
Domain Reload Profiling:
	ReloadAssembly (714ms)
		BeginReloadAssembly (83ms)
			ExecutionOrderSort (0ms)
			DisableScriptedObjects (0ms)
			BackupInstance (0ms)
			ReleaseScriptingObjects (0ms)
			CreateAndSetChildDomain (1ms)
		EndReloadAssembly (506ms)
			LoadAssemblies (81ms)
			RebuildTransferFunctionScriptingTraits (0ms)
			SetupTypeCache (106ms)
			ReleaseScriptCaches (0ms)
			RebuildScriptCaches (27ms)
			SetupLoadedEditorAssemblies (313ms)
				LogAssemblyErrors (0ms)
				InitializePlatformSupportModulesInManaged (11ms)
				SetLoadedEditorAssemblies (0ms)
				RefreshPlugins (95ms)
				BeforeProcessingInitializeOnLoad (1ms)
				ProcessInitializeOnLoadAttributes (156ms)
				ProcessInitializeOnLoadMethodAttributes (50ms)
				AfterProcessingInitializeOnLoad (0ms)
				EditorAssembliesLoaded (0ms)
			ExecutionOrderSort2 (0ms)
			AwakeInstancesAfterBackupRestoration (0ms)
Platform modules already initialized, skipping
Registering precompiled user dll's ...
Registered in 0.014634 seconds.
Begin MonoManager ReloadAssembly
Native extension for WindowsStandalone target not found
Native extension for WebGL target not found
Refreshing native plugins compatible for Editor in 92.94 ms, found 4 plugins.
Preloading 0 native plugins for Editor in 0.00 ms.
DisplayProgressbar: Populating Wwise Picker
Mono: successfully reloaded assembly
- Completed reload, in  1.805 seconds
Domain Reload Profiling:
	ReloadAssembly (1806ms)
		BeginReloadAssembly (125ms)
			ExecutionOrderSort (0ms)
			DisableScriptedObjects (6ms)
			BackupInstance (0ms)
			ReleaseScriptingObjects (0ms)
			CreateAndSetChildDomain (21ms)
		EndReloadAssembly (1546ms)
			LoadAssemblies (109ms)
			RebuildTransferFunctionScriptingTraits (0ms)
			SetupTypeCache (308ms)
			ReleaseScriptCaches (1ms)
			RebuildScriptCaches (90ms)
			SetupLoadedEditorAssemblies (983ms)
				LogAssemblyErrors (0ms)
				InitializePlatformSupportModulesInManaged (7ms)
				SetLoadedEditorAssemblies (0ms)
				RefreshPlugins (93ms)
				BeforeProcessingInitializeOnLoad (132ms)
				ProcessInitializeOnLoadAttributes (613ms)
				ProcessInitializeOnLoadMethodAttributes (128ms)
				AfterProcessingInitializeOnLoad (10ms)
				EditorAssembliesLoaded (0ms)
			ExecutionOrderSort2 (0ms)
			AwakeInstancesAfterBackupRestoration (8ms)
Platform modules already initialized, skipping
========================================================================
Worker process is ready to serve import requests
Launched and connected shader compiler UnityShaderCompiler.exe after 0.06 seconds
Refreshing native plugins compatible for Editor in 1.47 ms, found 4 plugins.
Preloading 0 native plugins for Editor in 0.00 ms.
Unloading 5233 Unused Serialized files (Serialized files now loaded: 0)
Unloading 93 unused Assets / (1.4 MB). Loaded Objects now: 5650.
Memory consumption went from 218.7 MB to 217.3 MB.
Total: 5.386300 ms (FindLiveObjects: 0.433900 ms CreateObjectMapping: 0.194800 ms MarkObjects: 4.317200 ms  DeleteObjects: 0.439400 ms)

AssetImportParameters requested are different than current active one (requested -> active):
  custom:video-decoder-ogg-theora: a1e56fd34408186e4bbccfd4996cb3dc -> 
  custom:container-muxer-webm: aa71ff27fc2769a1b78a27578f13a17b -> 
  custom:container-demuxer-webm: 4f35f7cbe854078d1ac9338744f61a02 -> 
  custom:video-encoder-webm-vp8: eb34c28f22e8b96e1ab97ce403110664 -> 
  custom:video-codec-MediaFoundation-h265: 746d11721c4dcdbdad8f713fa42b33f4 -> 
  custom:audio-encoder-webm-vorbis: bf7c407c2cedff20999df2af8eb42d56 -> 
  custom:framework-win-MediaFoundation: 216162199b28c13a410421893ffa2e32 -> 
  custom:container-demuxer-ogg: 62fdf1f143b41e24485cea50d1cbac27 -> 
  custom:video-decoder-webm-vp8: 9c59270c3fd7afecdb556c50c9e8de78 -> 
  custom:audio-decoder-ogg-vorbis: bf7c407c2cedff20999df2af8eb42d56 -> 
========================================================================
Received Import Request.
  Time since last request: 154316.448696 seconds.
  path: Assets/Scenes/John Scene.unity
  artifactKey: Guid(3b3877b3bc4329e429128dd22aa9f219) Importer(815301076,1909f56bfc062723c751e8b465ee728b)
Start importing Assets/Scenes/John Scene.unity using Guid(3b3877b3bc4329e429128dd22aa9f219) Importer(815301076,1909f56bfc062723c751e8b465ee728b)  -> (artifact id: '005ff40a4ae24f50c2b07e36b32a76f0') in 0.012599 seconds 
========================================================================
Received Import Request.
  Time since last request: 275.366831 seconds.
  path: Assets/Sprites/neutral_start_1.png
  artifactKey: Guid(1038b4cdad9c040409f8e4e28c4e3b96) Importer(815301076,1909f56bfc062723c751e8b465ee728b)
Start importing Assets/Sprites/neutral_start_1.png using Guid(1038b4cdad9c040409f8e4e28c4e3b96) Importer(815301076,1909f56bfc062723c751e8b465ee728b)  -> (artifact id: 'dfeafc38b606b80722cdce981eb3d590') in 0.339589 seconds 
========================================================================
Received Import Request.
  Time since last request: 1.245119 seconds.
  path: Assets/Sprites/Lisa Anims/H_crouch_1.png
  artifactKey: Guid(e64a1a6e0dba2cb4884aa5daa0545d90) Importer(815301076,1909f56bfc062723c751e8b465ee728b)
Start importing Assets/Sprites/Lisa Anims/H_crouch_1.png using Guid(e64a1a6e0dba2cb4884aa5daa0545d90) Importer(815301076,1909f56bfc062723c751e8b465ee728b)  -> (artifact id: '01d21c42388d8f84b669d348571236a3') in 0.217037 seconds 
========================================================================
Received Import Request.
  Time since last request: 0.000023 seconds.
  path: Assets/Sprites/Lisa Anims/M_jumping_1.png
  artifactKey: Guid(854c2ef19706e094f9fc17379f28fa0c) Importer(815301076,1909f56bfc062723c751e8b465ee728b)
Start importing Assets/Sprites/Lisa Anims/M_jumping_1.png using Guid(854c2ef19706e094f9fc17379f28fa0c) Importer(815301076,1909f56bfc062723c751e8b465ee728b)  -> (artifact id: '03ffaa7e97efdd8680fab90cdc91ed27') in 0.184684 seconds 
========================================================================
Received Import Request.
  Time since last request: 0.000047 seconds.
  path: Assets/Sprites/Lisa Anims/M_crouch_1.png
  artifactKey: Guid(f7651fbd09121914b9bdf740c61983df) Importer(815301076,1909f56bfc062723c751e8b465ee728b)
Start importing Assets/Sprites/Lisa Anims/M_crouch_1.png using Guid(f7651fbd09121914b9bdf740c61983df) Importer(815301076,1909f56bfc062723c751e8b465ee728b)  -> (artifact id: 'fd76dce5b8ee2d05d8e397997b5cdc41') in 0.192880 seconds 
========================================================================
Received Import Request.
  Time since last request: 0.000024 seconds.
  path: Assets/Sprites/Lisa Anims/M_standing_2.png
  artifactKey: Guid(4b41d832d23a53d4a83a7f2f288cbcb2) Importer(815301076,1909f56bfc062723c751e8b465ee728b)
Start importing Assets/Sprites/Lisa Anims/M_standing_2.png using Guid(4b41d832d23a53d4a83a7f2f288cbcb2) Importer(815301076,1909f56bfc062723c751e8b465ee728b)  -> (artifact id: '2408494a66721556fb0e029cd1ba20d0') in 0.185471 seconds 
========================================================================
Received Import Request.
  Time since last request: 0.000041 seconds.
  path: Assets/Sprites/Lisa Anims/L_standing_2.png
  artifactKey: Guid(793500bb15d9b3c4eab1e1eba0e75963) Importer(815301076,1909f56bfc062723c751e8b465ee728b)
Start importing Assets/Sprites/Lisa Anims/L_standing_2.png using Guid(793500bb15d9b3c4eab1e1eba0e75963) Importer(815301076,1909f56bfc062723c751e8b465ee728b)  -> (artifact id: '2c75da2ad177032eaf8dc9f2c0136a8f') in 0.177076 seconds 
========================================================================
Received Import Request.
  Time since last request: 0.000025 seconds.
  path: Assets/Sprites/Lisa Anims/L_standing_3.png
  artifactKey: Guid(2532a388180cd05498cd08caeab26f35) Importer(815301076,1909f56bfc062723c751e8b465ee728b)
Start importing Assets/Sprites/Lisa Anims/L_standing_3.png using Guid(2532a388180cd05498cd08caeab26f35) Importer(815301076,1909f56bfc062723c751e8b465ee728b)  -> (artifact id: '46e72e5332184070f04412e2e6598ece') in 0.184453 seconds 
========================================================================
Received Import Request.
  Time since last request: 0.000030 seconds.
  path: Assets/Sprites/Lisa Anims/H_crouch_2.png
  artifactKey: Guid(8bfc92c9c72ba0f41987c186aa6650dc) Importer(815301076,1909f56bfc062723c751e8b465ee728b)
Start importing Assets/Sprites/Lisa Anims/H_crouch_2.png using Guid(8bfc92c9c72ba0f41987c186aa6650dc) Importer(815301076,1909f56bfc062723c751e8b465ee728b)  -> (artifact id: '9b5803a8d2c803a8cd10991bd9460938') in 0.189019 seconds 
========================================================================
Received Import Request.
  Time since last request: 0.000049 seconds.
  path: Assets/Sprites/Lisa Anims/L_jumping_1.png
  artifactKey: Guid(661d9ac9e8b23fc48a209c05490328b4) Importer(815301076,1909f56bfc062723c751e8b465ee728b)
Start importing Assets/Sprites/Lisa Anims/L_jumping_1.png using Guid(661d9ac9e8b23fc48a209c05490328b4) Importer(815301076,1909f56bfc062723c751e8b465ee728b)  -> (artifact id: '54cb83b9fb712815b4646e3fed76b3b2') in 0.169095 seconds 
========================================================================
Received Import Request.
  Time since last request: 0.000029 seconds.
  path: Assets/Sprites/Lisa Anims/H_standing_1.png
  artifactKey: Guid(8e62b748992be8044a5fc4ff5503aaeb) Importer(815301076,1909f56bfc062723c751e8b465ee728b)
Start importing Assets/Sprites/Lisa Anims/H_standing_1.png using Guid(8e62b748992be8044a5fc4ff5503aaeb) Importer(815301076,1909f56bfc062723c751e8b465ee728b)  -> (artifact id: '34df8108b5aecb9d5386dab8b08f9da0') in 0.164773 seconds 
========================================================================
Received Import Request.
  Time since last request: 0.000049 seconds.
  path: Assets/Sprites/Lisa Anims/idle_1.png
  artifactKey: Guid(bc51babe9e9eb7a4cb0577e4990c4de7) Importer(815301076,1909f56bfc062723c751e8b465ee728b)
Start importing Assets/Sprites/Lisa Anims/idle_1.png using Guid(bc51babe9e9eb7a4cb0577e4990c4de7) Importer(815301076,1909f56bfc062723c751e8b465ee728b)  -> (artifact id: 'ca8b50d554a3c85d3eaf359d13f21882') in 0.154332 seconds 
========================================================================
Received Import Request.
  Time since last request: 0.000031 seconds.
  path: Assets/Sprites/Lisa Anims/L_crouch_2.png
  artifactKey: Guid(4ec530fa20bb87c44bbb14b660a0845e) Importer(815301076,1909f56bfc062723c751e8b465ee728b)
Start importing Assets/Sprites/Lisa Anims/L_crouch_2.png using Guid(4ec530fa20bb87c44bbb14b660a0845e) Importer(815301076,1909f56bfc062723c751e8b465ee728b)  -> (artifact id: 'a422ab97f9be89371023897dc8e26f27') in 0.170720 seconds 
========================================================================
Received Import Request.
  Time since last request: 0.000025 seconds.
  path: Assets/Sprites/Lisa Anims/H_jumping_1.png
  artifactKey: Guid(343c902469c5f184d9c2e15e9af62963) Importer(815301076,1909f56bfc062723c751e8b465ee728b)
Start importing Assets/Sprites/Lisa Anims/H_jumping_1.png using Guid(343c902469c5f184d9c2e15e9af62963) Importer(815301076,1909f56bfc062723c751e8b465ee728b)  -> (artifact id: '8b78d7999d63db2b0cfbc57e1d3712eb') in 0.157755 seconds 
========================================================================
Received Import Request.
  Time since last request: 0.000033 seconds.
  path: Assets/Sprites/Lisa Anims/S_standing_3.png
  artifactKey: Guid(c4f8c337a26df3d4ab4644cb2c77c321) Importer(815301076,1909f56bfc062723c751e8b465ee728b)
Start importing Assets/Sprites/Lisa Anims/S_standing_3.png using Guid(c4f8c337a26df3d4ab4644cb2c77c321) Importer(815301076,1909f56bfc062723c751e8b465ee728b)  -> (artifact id: 'aa542717f2dc19118f8341955ea89832') in 0.152436 seconds 
========================================================================
Received Import Request.
  Time since last request: 2.186125 seconds.
  path: Assets/Characters/N_Lisa/nlisa_idle_2.png
  artifactKey: Guid(66cbe26efb6d82c41be52d83a044ce57) Importer(815301076,1909f56bfc062723c751e8b465ee728b)
Start importing Assets/Characters/N_Lisa/nlisa_idle_2.png using Guid(66cbe26efb6d82c41be52d83a044ce57) Importer(815301076,1909f56bfc062723c751e8b465ee728b)  -> (artifact id: '11f9793f1d71f1325546e0f9a46e4759') in 0.177734 seconds 
========================================================================
Received Import Request.
  Time since last request: 0.000035 seconds.
  path: Assets/Characters/N_Lisa/nlisa_neutral_medium_2.png
  artifactKey: Guid(0b096682e069e8e409018700b85e0724) Importer(815301076,1909f56bfc062723c751e8b465ee728b)
Start importing Assets/Characters/N_Lisa/nlisa_neutral_medium_2.png using Guid(0b096682e069e8e409018700b85e0724) Importer(815301076,1909f56bfc062723c751e8b465ee728b)  -> (artifact id: '691b1ce6bf16c10b6c7180dca32dbdbe') in 0.196519 seconds 
========================================================================
Received Import Request.
  Time since last request: 0.000036 seconds.
  path: Assets/Characters/N_Lisa/nlisa_neutral_heavy_4.png
  artifactKey: Guid(7dca2dd5fe782164195ad538c12d83e5) Importer(815301076,1909f56bfc062723c751e8b465ee728b)
Start importing Assets/Characters/N_Lisa/nlisa_neutral_heavy_4.png using Guid(7dca2dd5fe782164195ad538c12d83e5) Importer(815301076,1909f56bfc062723c751e8b465ee728b)  -> (artifact id: 'ba64db98619557b1a4ef526ea3f1c344') in 0.170132 seconds 
========================================================================
Received Import Request.
  Time since last request: 0.000023 seconds.
  path: Assets/Characters/N_Lisa/nlisa_neutral_medium_3.png
  artifactKey: Guid(511004be67772b749b5e67281ebb3173) Importer(815301076,1909f56bfc062723c751e8b465ee728b)
Start importing Assets/Characters/N_Lisa/nlisa_neutral_medium_3.png using Guid(511004be67772b749b5e67281ebb3173) Importer(815301076,1909f56bfc062723c751e8b465ee728b)  -> (artifact id: '4011486b97034382e52bedfecc65ee2c') in 0.190304 seconds 
========================================================================
Received Import Request.
  Time since last request: 0.000043 seconds.
  path: Assets/Characters/N_Lisa/nlisa_neutral_start_1.png
  artifactKey: Guid(44e5a3c0738fcce409a1e339b3e738ad) Importer(815301076,1909f56bfc062723c751e8b465ee728b)
Start importing Assets/Characters/N_Lisa/nlisa_neutral_start_1.png using Guid(44e5a3c0738fcce409a1e339b3e738ad) Importer(815301076,1909f56bfc062723c751e8b465ee728b)  -> (artifact id: 'fef24c039f8ab0aed89b2270c5c5dc35') in 0.174356 seconds 
========================================================================
Received Import Request.
  Time since last request: 0.000088 seconds.
  path: Assets/Characters/N_Lisa/nlisa_neutral_medium_1.png
  artifactKey: Guid(0f108ad1c70d0554eab0bbb83b2ff52b) Importer(815301076,1909f56bfc062723c751e8b465ee728b)
Start importing Assets/Characters/N_Lisa/nlisa_neutral_medium_1.png using Guid(0f108ad1c70d0554eab0bbb83b2ff52b) Importer(815301076,1909f56bfc062723c751e8b465ee728b)  -> (artifact id: 'eb00df34e639b2b9c30bd005dadbe20d') in 0.186412 seconds 
========================================================================
Received Import Request.
  Time since last request: 0.000022 seconds.
  path: Assets/Characters/N_Lisa/nlisa_neutral_heavy_5.png
  artifactKey: Guid(b3997a549458e0346861203d8058771d) Importer(815301076,1909f56bfc062723c751e8b465ee728b)
Start importing Assets/Characters/N_Lisa/nlisa_neutral_heavy_5.png using Guid(b3997a549458e0346861203d8058771d) Importer(815301076,1909f56bfc062723c751e8b465ee728b)  -> (artifact id: 'ab5094cd60823368d33fae04bea55ba9') in 0.186023 seconds 
Editor requested this worker to shutdown with reason: Scaling down because of idle timeout
AssetImportWorker is now disconnected from the server
Process exiting
Exiting without the bug reporter. Application will terminate with return code 0